Analysis & Synthesis report for fase_2
Sun Apr 15 18:45:48 2018
Quartus Prime Version 17.1.0 Build 590 10/25/2017 SJ Lite Edition


---------------------
; Table of Contents ;
---------------------
  1. Legal Notice
  2. Analysis & Synthesis Summary
  3. Analysis & Synthesis Settings
  4. Parallel Compilation
  5. Analysis & Synthesis Source Files Read
  6. Analysis & Synthesis Resource Usage Summary
  7. Analysis & Synthesis Resource Utilization by Entity
  8. Registers Removed During Synthesis
  9. General Register Statistics
 10. Inverted Register Statistics
 11. Multiplexer Restructuring Statistics (Restructuring Performed)
 12. Parameter Settings for User Entity Instance: freqDivider:freq
 13. Port Connectivity Checks: "CounterDownBCD:counter"
 14. Post-Synthesis Netlist Statistics for Top Partition
 15. Elapsed Time Per Partition
 16. Analysis & Synthesis Messages



----------------
; Legal Notice ;
----------------
Copyright (C) 2017  Intel Corporation. All rights reserved.
Your use of Intel Corporation's design tools, logic functions 
and other software and tools, and its AMPP partner logic 
functions, and any output files from any of the foregoing 
(including device programming or simulation files), and any 
associated documentation or information are expressly subject 
to the terms and conditions of the Intel Program License 
Subscription Agreement, the Intel Quartus Prime License Agreement,
the Intel FPGA IP License Agreement, or other applicable license
agreement, including, without limitation, that your use is for
the sole purpose of programming logic devices manufactured by
Intel and sold by Intel or its authorized distributors.  Please
refer to the applicable agreement for further details.



+----------------------------------------------------------------------------------+
; Analysis & Synthesis Summary                                                     ;
+------------------------------------+---------------------------------------------+
; Analysis & Synthesis Status        ; Successful - Sun Apr 15 18:45:48 2018       ;
; Quartus Prime Version              ; 17.1.0 Build 590 10/25/2017 SJ Lite Edition ;
; Revision Name                      ; fase_2                                      ;
; Top-level Entity Name              ; MinSegTimer                                 ;
; Family                             ; Cyclone IV E                                ;
; Total logic elements               ; 158                                         ;
;     Total combinational functions  ; 158                                         ;
;     Dedicated logic registers      ; 49                                          ;
; Total registers                    ; 49                                          ;
; Total pins                         ; 49                                          ;
; Total virtual pins                 ; 0                                           ;
; Total memory bits                  ; 0                                           ;
; Embedded Multiplier 9-bit elements ; 0                                           ;
; Total PLLs                         ; 0                                           ;
+------------------------------------+---------------------------------------------+


+----------------------------------------------------------------------------------------------------------------------+
; Analysis & Synthesis Settings                                                                                        ;
+----------------------------------------------------------------------------+--------------------+--------------------+
; Option                                                                     ; Setting            ; Default Value      ;
+----------------------------------------------------------------------------+--------------------+--------------------+
; Device                                                                     ; EP4CE115F29C7      ;                    ;
; Top-level entity name                                                      ; MinSegTimer        ; fase_2             ;
; Family name                                                                ; Cyclone IV E       ; Cyclone V          ;
; Use smart compilation                                                      ; Off                ; Off                ;
; Enable parallel Assembler and TimeQuest Timing Analyzer during compilation ; On                 ; On                 ;
; Enable compact report table                                                ; Off                ; Off                ;
; Restructure Multiplexers                                                   ; Auto               ; Auto               ;
; Create Debugging Nodes for IP Cores                                        ; Off                ; Off                ;
; Preserve fewer node names                                                  ; On                 ; On                 ;
; Intel FPGA IP Evaluation Mode                                              ; Enable             ; Enable             ;
; Verilog Version                                                            ; Verilog_2001       ; Verilog_2001       ;
; VHDL Version                                                               ; VHDL_1993          ; VHDL_1993          ;
; State Machine Processing                                                   ; Auto               ; Auto               ;
; Safe State Machine                                                         ; Off                ; Off                ;
; Extract Verilog State Machines                                             ; On                 ; On                 ;
; Extract VHDL State Machines                                                ; On                 ; On                 ;
; Ignore Verilog initial constructs                                          ; Off                ; Off                ;
; Iteration limit for constant Verilog loops                                 ; 5000               ; 5000               ;
; Iteration limit for non-constant Verilog loops                             ; 250                ; 250                ;
; Add Pass-Through Logic to Inferred RAMs                                    ; On                 ; On                 ;
; Infer RAMs from Raw Logic                                                  ; On                 ; On                 ;
; Parallel Synthesis                                                         ; On                 ; On                 ;
; DSP Block Balancing                                                        ; Auto               ; Auto               ;
; NOT Gate Push-Back                                                         ; On                 ; On                 ;
; Power-Up Don't Care                                                        ; On                 ; On                 ;
; Remove Redundant Logic Cells                                               ; Off                ; Off                ;
; Remove Duplicate Registers                                                 ; On                 ; On                 ;
; Ignore CARRY Buffers                                                       ; Off                ; Off                ;
; Ignore CASCADE Buffers                                                     ; Off                ; Off                ;
; Ignore GLOBAL Buffers                                                      ; Off                ; Off                ;
; Ignore ROW GLOBAL Buffers                                                  ; Off                ; Off                ;
; Ignore LCELL Buffers                                                       ; Off                ; Off                ;
; Ignore SOFT Buffers                                                        ; On                 ; On                 ;
; Limit AHDL Integers to 32 Bits                                             ; Off                ; Off                ;
; Optimization Technique                                                     ; Balanced           ; Balanced           ;
; Carry Chain Length                                                         ; 70                 ; 70                 ;
; Auto Carry Chains                                                          ; On                 ; On                 ;
; Auto Open-Drain Pins                                                       ; On                 ; On                 ;
; Perform WYSIWYG Primitive Resynthesis                                      ; Off                ; Off                ;
; Auto ROM Replacement                                                       ; On                 ; On                 ;
; Auto RAM Replacement                                                       ; On                 ; On                 ;
; Auto DSP Block Replacement                                                 ; On                 ; On                 ;
; Auto Shift Register Replacement                                            ; Auto               ; Auto               ;
; Allow Shift Register Merging across Hierarchies                            ; Auto               ; Auto               ;
; Auto Clock Enable Replacement                                              ; On                 ; On                 ;
; Strict RAM Replacement                                                     ; Off                ; Off                ;
; Allow Synchronous Control Signals                                          ; On                 ; On                 ;
; Force Use of Synchronous Clear Signals                                     ; Off                ; Off                ;
; Auto RAM Block Balancing                                                   ; On                 ; On                 ;
; Auto RAM to Logic Cell Conversion                                          ; Off                ; Off                ;
; Auto Resource Sharing                                                      ; Off                ; Off                ;
; Allow Any RAM Size For Recognition                                         ; Off                ; Off                ;
; Allow Any ROM Size For Recognition                                         ; Off                ; Off                ;
; Allow Any Shift Register Size For Recognition                              ; Off                ; Off                ;
; Use LogicLock Constraints during Resource Balancing                        ; On                 ; On                 ;
; Ignore translate_off and synthesis_off directives                          ; Off                ; Off                ;
; Timing-Driven Synthesis                                                    ; On                 ; On                 ;
; Report Parameter Settings                                                  ; On                 ; On                 ;
; Report Source Assignments                                                  ; On                 ; On                 ;
; Report Connectivity Checks                                                 ; On                 ; On                 ;
; Ignore Maximum Fan-Out Assignments                                         ; Off                ; Off                ;
; Synchronization Register Chain Length                                      ; 2                  ; 2                  ;
; Power Optimization During Synthesis                                        ; Normal compilation ; Normal compilation ;
; HDL message level                                                          ; Level2             ; Level2             ;
; Suppress Register Optimization Related Messages                            ; Off                ; Off                ;
; Number of Removed Registers Reported in Synthesis Report                   ; 5000               ; 5000               ;
; Number of Swept Nodes Reported in Synthesis Report                         ; 5000               ; 5000               ;
; Number of Inverted Registers Reported in Synthesis Report                  ; 100                ; 100                ;
; Clock MUX Protection                                                       ; On                 ; On                 ;
; Auto Gated Clock Conversion                                                ; Off                ; Off                ;
; Block Design Naming                                                        ; Auto               ; Auto               ;
; SDC constraint protection                                                  ; Off                ; Off                ;
; Synthesis Effort                                                           ; Auto               ; Auto               ;
; Shift Register Replacement - Allow Asynchronous Clear Signal               ; On                 ; On                 ;
; Pre-Mapping Resynthesis Optimization                                       ; Off                ; Off                ;
; Analysis & Synthesis Message Level                                         ; Medium             ; Medium             ;
; Disable Register Merging Across Hierarchies                                ; Auto               ; Auto               ;
; Resource Aware Inference For Block RAM                                     ; On                 ; On                 ;
+----------------------------------------------------------------------------+--------------------+--------------------+


+------------------------------------------+
; Parallel Compilation                     ;
+----------------------------+-------------+
; Processors                 ; Number      ;
+----------------------------+-------------+
; Number detected on machine ; 8           ;
; Maximum allowed            ; 4           ;
;                            ;             ;
; Average used               ; 1.00        ;
; Maximum used               ; 4           ;
;                            ;             ;
; Usage by Processor         ; % Time Used ;
;     Processor 1            ; 100.0%      ;
;     Processor 2            ;   0.0%      ;
;     Processors 3-4         ;   0.0%      ;
+----------------------------+-------------+


+----------------------------------------------------------------------------------------------------------------------------------------------------------------+
; Analysis & Synthesis Source Files Read                                                                                                                         ;
+----------------------------------+-----------------+-----------------+-------------------------------------------------------------------------------+---------+
; File Name with User-Entered Path ; Used in Netlist ; File Type       ; File Name with Absolute Path                                                  ; Library ;
+----------------------------------+-----------------+-----------------+-------------------------------------------------------------------------------+---------+
; freqDivider.vhd                  ; yes             ; User VHDL File  ; /home/rrosmaninho/Downloads/lsdig_mp_p3_88802_89264/fase_2/freqDivider.vhd    ;         ;
; Bin7SegDecoder.vhd               ; yes             ; User VHDL File  ; /home/rrosmaninho/Downloads/lsdig_mp_p3_88802_89264/fase_2/Bin7SegDecoder.vhd ;         ;
; CounterDownBCD.vhd               ; yes             ; User VHDL File  ; /home/rrosmaninho/Downloads/lsdig_mp_p3_88802_89264/fase_2/CounterDownBCD.vhd ;         ;
; MinSegTimer.vhd                  ; yes             ; User VHDL File  ; /home/rrosmaninho/Downloads/lsdig_mp_p3_88802_89264/fase_2/MinSegTimer.vhd    ;         ;
+----------------------------------+-----------------+-----------------+-------------------------------------------------------------------------------+---------+


+--------------------------------------------------------------+
; Analysis & Synthesis Resource Usage Summary                  ;
+---------------------------------------------+----------------+
; Resource                                    ; Usage          ;
+---------------------------------------------+----------------+
; Estimated Total logic elements              ; 158            ;
;                                             ;                ;
; Total combinational functions               ; 158            ;
; Logic element usage by number of LUT inputs ;                ;
;     -- 4 input functions                    ; 86             ;
;     -- 3 input functions                    ; 20             ;
;     -- <=2 input functions                  ; 52             ;
;                                             ;                ;
; Logic elements by mode                      ;                ;
;     -- normal mode                          ; 128            ;
;     -- arithmetic mode                      ; 30             ;
;                                             ;                ;
; Total registers                             ; 49             ;
;     -- Dedicated logic registers            ; 49             ;
;     -- I/O registers                        ; 0              ;
;                                             ;                ;
; I/O pins                                    ; 49             ;
;                                             ;                ;
; Embedded Multiplier 9-bit elements          ; 0              ;
;                                             ;                ;
; Maximum fan-out node                        ; CLOCK_50~input ;
; Maximum fan-out                             ; 32             ;
; Total fan-out                               ; 699            ;
; Average fan-out                             ; 2.29           ;
+---------------------------------------------+----------------+


+--------------------------------------------------------------------------------------------------------------------------------------------------------------------------------------------------------------------------------------+
; Analysis & Synthesis Resource Utilization by Entity                                                                                                                                                                                  ;
+---------------------------------+---------------------+---------------------------+-------------+--------------+---------+-----------+------+--------------+-----------------------------------------+----------------+--------------+
; Compilation Hierarchy Node      ; Combinational ALUTs ; Dedicated Logic Registers ; Memory Bits ; DSP Elements ; DSP 9x9 ; DSP 18x18 ; Pins ; Virtual Pins ; Full Hierarchy Name                     ; Entity Name    ; Library Name ;
+---------------------------------+---------------------+---------------------------+-------------+--------------+---------+-----------+------+--------------+-----------------------------------------+----------------+--------------+
; |MinSegTimer                    ; 158 (3)             ; 49 (1)                    ; 0           ; 0            ; 0       ; 0         ; 49   ; 0            ; |MinSegTimer                            ; MinSegTimer    ; work         ;
;    |Bin7SegDecoder:bin7_MinDec| ; 18 (18)             ; 0 (0)                     ; 0           ; 0            ; 0       ; 0         ; 0    ; 0            ; |MinSegTimer|Bin7SegDecoder:bin7_MinDec ; Bin7SegDecoder ; work         ;
;    |Bin7SegDecoder:bin7_MinUni| ; 17 (17)             ; 0 (0)                     ; 0           ; 0            ; 0       ; 0         ; 0    ; 0            ; |MinSegTimer|Bin7SegDecoder:bin7_MinUni ; Bin7SegDecoder ; work         ;
;    |Bin7SegDecoder:bin7_SegDec| ; 7 (7)               ; 0 (0)                     ; 0           ; 0            ; 0       ; 0         ; 0    ; 0            ; |MinSegTimer|Bin7SegDecoder:bin7_SegDec ; Bin7SegDecoder ; work         ;
;    |Bin7SegDecoder:bin7_SegUni| ; 17 (17)             ; 0 (0)                     ; 0           ; 0            ; 0       ; 0         ; 0    ; 0            ; |MinSegTimer|Bin7SegDecoder:bin7_SegUni ; Bin7SegDecoder ; work         ;
;    |CounterDownBCD:counter|     ; 37 (37)             ; 16 (16)                   ; 0           ; 0            ; 0       ; 0         ; 0    ; 0            ; |MinSegTimer|CounterDownBCD:counter     ; CounterDownBCD ; work         ;
;    |freqDivider:freq|           ; 59 (59)             ; 32 (32)                   ; 0           ; 0            ; 0       ; 0         ; 0    ; 0            ; |MinSegTimer|freqDivider:freq           ; freqDivider    ; work         ;
+---------------------------------+---------------------+---------------------------+-------------+--------------+---------+-----------+------+--------------+-----------------------------------------+----------------+--------------+
Note: For table entries with two numbers listed, the numbers in parentheses indicate the number of resources of the given type used by the specific entity alone. The numbers listed outside of parentheses indicate the total resources of the given type used by the specific entity and all of its sub-entities in the hierarchy.


+--------------------------------------------------------------------------------+
; Registers Removed During Synthesis                                             ;
+---------------------------------------+----------------------------------------+
; Register name                         ; Reason for Removal                     ;
+---------------------------------------+----------------------------------------+
; CounterDownBCD:counter|SegDec[3]      ; Stuck at GND due to stuck port data_in ;
; Total Number of Removed Registers = 1 ;                                        ;
+---------------------------------------+----------------------------------------+


+------------------------------------------------------+
; General Register Statistics                          ;
+----------------------------------------------+-------+
; Statistic                                    ; Value ;
+----------------------------------------------+-------+
; Total registers                              ; 49    ;
; Number of registers using Synchronous Clear  ; 0     ;
; Number of registers using Synchronous Load   ; 0     ;
; Number of registers using Asynchronous Clear ; 16    ;
; Number of registers using Asynchronous Load  ; 0     ;
; Number of registers using Clock Enable       ; 0     ;
; Number of registers using Preset             ; 0     ;
+----------------------------------------------+-------+


+--------------------------------------------------+
; Inverted Register Statistics                     ;
+----------------------------------------+---------+
; Inverted Register                      ; Fan out ;
+----------------------------------------+---------+
; CounterDownBCD:counter|SegUni[0]       ; 14      ;
; CounterDownBCD:counter|SegUni[3]       ; 12      ;
; CounterDownBCD:counter|SegDec[2]       ; 10      ;
; CounterDownBCD:counter|SegDec[0]       ; 11      ;
; CounterDownBCD:counter|MinUni[0]       ; 13      ;
; CounterDownBCD:counter|MinUni[3]       ; 13      ;
; CounterDownBCD:counter|MinDec[2]       ; 14      ;
; CounterDownBCD:counter|MinDec[0]       ; 15      ;
; Total number of inverted registers = 8 ;         ;
+----------------------------------------+---------+


+-----------------------------------------------------------------------------------------------------------------------------------------------------------------+
; Multiplexer Restructuring Statistics (Restructuring Performed)                                                                                                  ;
+--------------------+-----------+---------------+----------------------+------------------------+------------+---------------------------------------------------+
; Multiplexer Inputs ; Bus Width ; Baseline Area ; Area if Restructured ; Saving if Restructured ; Registered ; Example Multiplexer Output                        ;
+--------------------+-----------+---------------+----------------------+------------------------+------------+---------------------------------------------------+
; 3:1                ; 2 bits    ; 4 LEs         ; 2 LEs                ; 2 LEs                  ; Yes        ; |MinSegTimer|CounterDownBCD:counter|MinUni[1]     ;
; 4:1                ; 2 bits    ; 4 LEs         ; 2 LEs                ; 2 LEs                  ; Yes        ; |MinSegTimer|CounterDownBCD:counter|SegDec[3]     ;
; 5:1                ; 2 bits    ; 6 LEs         ; 2 LEs                ; 4 LEs                  ; Yes        ; |MinSegTimer|CounterDownBCD:counter|SegUni[1]     ;
; 3:1                ; 2 bits    ; 4 LEs         ; 2 LEs                ; 2 LEs                  ; Yes        ; |MinSegTimer|CounterDownBCD:counter|MinUni[3]     ;
; 4:1                ; 2 bits    ; 4 LEs         ; 2 LEs                ; 2 LEs                  ; Yes        ; |MinSegTimer|CounterDownBCD:counter|SegDec[2]     ;
; 5:1                ; 2 bits    ; 6 LEs         ; 2 LEs                ; 4 LEs                  ; Yes        ; |MinSegTimer|CounterDownBCD:counter|SegUni[0]     ;
; 17:1               ; 2 bits    ; 22 LEs        ; 12 LEs               ; 10 LEs                 ; No         ; |MinSegTimer|Bin7SegDecoder:bin7_SegUni|decOut[4] ;
; 17:1               ; 2 bits    ; 22 LEs        ; 12 LEs               ; 10 LEs                 ; No         ; |MinSegTimer|Bin7SegDecoder:bin7_SegDec|decOut[6] ;
; 17:1               ; 2 bits    ; 22 LEs        ; 12 LEs               ; 10 LEs                 ; No         ; |MinSegTimer|Bin7SegDecoder:bin7_MinUni|decOut[4] ;
; 17:1               ; 2 bits    ; 22 LEs        ; 12 LEs               ; 10 LEs                 ; No         ; |MinSegTimer|Bin7SegDecoder:bin7_MinDec|decOut[4] ;
; 6:1                ; 2 bits    ; 8 LEs         ; 8 LEs                ; 0 LEs                  ; No         ; |MinSegTimer|Bin7SegDecoder:bin7_SegUni|decOut[5] ;
; 6:1                ; 2 bits    ; 8 LEs         ; 8 LEs                ; 0 LEs                  ; No         ; |MinSegTimer|Bin7SegDecoder:bin7_SegDec|decOut[5] ;
; 6:1                ; 2 bits    ; 8 LEs         ; 8 LEs                ; 0 LEs                  ; No         ; |MinSegTimer|Bin7SegDecoder:bin7_MinUni|decOut[3] ;
; 6:1                ; 2 bits    ; 8 LEs         ; 8 LEs                ; 0 LEs                  ; No         ; |MinSegTimer|Bin7SegDecoder:bin7_MinDec|decOut[3] ;
+--------------------+-----------+---------------+----------------------+------------------------+------------+---------------------------------------------------+


+---------------------------------------------------------------+
; Parameter Settings for User Entity Instance: freqDivider:freq ;
+----------------+----------+-----------------------------------+
; Parameter Name ; Value    ; Type                              ;
+----------------+----------+-----------------------------------+
; div            ; 50000000 ; Signed Integer                    ;
+----------------+----------+-----------------------------------+
Note: In order to hide this table in the UI and the text report file, please set the "Show Parameter Settings in Synthesis Report" option in "Analysis and Synthesis Settings -> More Settings" to "Off".


+----------------------------------------------------+
; Port Connectivity Checks: "CounterDownBCD:counter" ;
+---------------+-------+----------+-----------------+
; Port          ; Type  ; Severity ; Details         ;
+---------------+-------+----------+-----------------+
; input[12..11] ; Input ; Info     ; Stuck at VCC    ;
; input[4..3]   ; Input ; Info     ; Stuck at VCC    ;
; input[10..9]  ; Input ; Info     ; Stuck at GND    ;
; input[2..1]   ; Input ; Info     ; Stuck at GND    ;
; input[15]     ; Input ; Info     ; Stuck at GND    ;
; input[14]     ; Input ; Info     ; Stuck at VCC    ;
; input[13]     ; Input ; Info     ; Stuck at GND    ;
; input[8]      ; Input ; Info     ; Stuck at VCC    ;
; input[7]      ; Input ; Info     ; Stuck at GND    ;
; input[6]      ; Input ; Info     ; Stuck at VCC    ;
; input[5]      ; Input ; Info     ; Stuck at GND    ;
; input[0]      ; Input ; Info     ; Stuck at VCC    ;
+---------------+-------+----------+-----------------+


+-----------------------------------------------------+
; Post-Synthesis Netlist Statistics for Top Partition ;
+-----------------------+-----------------------------+
; Type                  ; Count                       ;
+-----------------------+-----------------------------+
; boundary_port         ; 49                          ;
; cycloneiii_ff         ; 49                          ;
;     CLR               ; 16                          ;
;     plain             ; 33                          ;
; cycloneiii_lcell_comb ; 158                         ;
;     arith             ; 30                          ;
;         2 data inputs ; 30                          ;
;     normal            ; 128                         ;
;         1 data inputs ; 2                           ;
;         2 data inputs ; 20                          ;
;         3 data inputs ; 20                          ;
;         4 data inputs ; 86                          ;
;                       ;                             ;
; Max LUT depth         ; 4.50                        ;
; Average LUT depth     ; 3.22                        ;
+-----------------------+-----------------------------+


+-------------------------------+
; Elapsed Time Per Partition    ;
+----------------+--------------+
; Partition Name ; Elapsed Time ;
+----------------+--------------+
; Top            ; 00:00:00     ;
+----------------+--------------+


+-------------------------------+
; Analysis & Synthesis Messages ;
+-------------------------------+
Info: *******************************************************************
Info: Running Quartus Prime Analysis & Synthesis
    Info: Version 17.1.0 Build 590 10/25/2017 SJ Lite Edition
    Info: Processing started: Sun Apr 15 18:45:37 2018
Info: Command: quartus_map --read_settings_files=on --write_settings_files=off fase_2 -c fase_2
Warning (18236): Number of processors has not been specified which may cause overloading on shared machines.  Set the global assignment NUM_PARALLEL_PROCESSORS in your QSF to an appropriate value for best performance.
Info (20030): Parallel compilation is enabled and will use 4 of the 4 processors detected
Info (12021): Found 2 design units, including 1 entities, in source file freqDivider.vhd
    Info (12022): Found design unit 1: freqDivider-Behavioral File: /home/rrosmaninho/Downloads/lsdig_mp_p3_88802_89264/fase_2/freqDivider.vhd Line: 11
    Info (12023): Found entity 1: freqDivider File: /home/rrosmaninho/Downloads/lsdig_mp_p3_88802_89264/fase_2/freqDivider.vhd Line: 5
Info (12021): Found 2 design units, including 1 entities, in source file Bin7SegDecoder.vhd
    Info (12022): Found design unit 1: Bin7SegDecoder-Behavioral File: /home/rrosmaninho/Downloads/lsdig_mp_p3_88802_89264/fase_2/Bin7SegDecoder.vhd Line: 10
    Info (12023): Found entity 1: Bin7SegDecoder File: /home/rrosmaninho/Downloads/lsdig_mp_p3_88802_89264/fase_2/Bin7SegDecoder.vhd Line: 4
Info (12021): Found 2 design units, including 1 entities, in source file CounterDownBCD.vhd
    Info (12022): Found design unit 1: CounterDownBCD-Behav File: /home/rrosmaninho/Downloads/lsdig_mp_p3_88802_89264/fase_2/CounterDownBCD.vhd Line: 14
    Info (12023): Found entity 1: CounterDownBCD File: /home/rrosmaninho/Downloads/lsdig_mp_p3_88802_89264/fase_2/CounterDownBCD.vhd Line: 5
Info (12021): Found 2 design units, including 1 entities, in source file MinSegTimer.vhd
    Info (12022): Found design unit 1: MinSegTimer-Behav File: /home/rrosmaninho/Downloads/lsdig_mp_p3_88802_89264/fase_2/MinSegTimer.vhd Line: 16
    Info (12023): Found entity 1: MinSegTimer File: /home/rrosmaninho/Downloads/lsdig_mp_p3_88802_89264/fase_2/MinSegTimer.vhd Line: 5
Info (12127): Elaborating entity "MinSegTimer" for the top level hierarchy
Info (12129): Elaborating entity "freqDivider" using architecture "A:behavioral" for hierarchy "freqDivider:freq" File: /home/rrosmaninho/Downloads/lsdig_mp_p3_88802_89264/fase_2/MinSegTimer.vhd Line: 43
Warning (10540): VHDL Signal Declaration warning at freqDivider.vhd(14): used explicit default value for signal "s_halfWay" because signal was never assigned a value File: /home/rrosmaninho/Downloads/lsdig_mp_p3_88802_89264/fase_2/freqDivider.vhd Line: 14
Info (12129): Elaborating entity "CounterDownBCD" using architecture "A:behav" for hierarchy "CounterDownBCD:counter" File: /home/rrosmaninho/Downloads/lsdig_mp_p3_88802_89264/fase_2/MinSegTimer.vhd Line: 48
Warning (10492): VHDL Process Statement warning at CounterDownBCD.vhd(25): signal "load" is read inside the Process Statement but isn't in the Process Statement's sensitivity list File: /home/rrosmaninho/Downloads/lsdig_mp_p3_88802_89264/fase_2/CounterDownBCD.vhd Line: 25
Warning (10492): VHDL Process Statement warning at CounterDownBCD.vhd(26): signal "input" is read inside the Process Statement but isn't in the Process Statement's sensitivity list File: /home/rrosmaninho/Downloads/lsdig_mp_p3_88802_89264/fase_2/CounterDownBCD.vhd Line: 26
Warning (10492): VHDL Process Statement warning at CounterDownBCD.vhd(27): signal "input" is read inside the Process Statement but isn't in the Process Statement's sensitivity list File: /home/rrosmaninho/Downloads/lsdig_mp_p3_88802_89264/fase_2/CounterDownBCD.vhd Line: 27
Warning (10492): VHDL Process Statement warning at CounterDownBCD.vhd(28): signal "input" is read inside the Process Statement but isn't in the Process Statement's sensitivity list File: /home/rrosmaninho/Downloads/lsdig_mp_p3_88802_89264/fase_2/CounterDownBCD.vhd Line: 28
Warning (10492): VHDL Process Statement warning at CounterDownBCD.vhd(29): signal "input" is read inside the Process Statement but isn't in the Process Statement's sensitivity list File: /home/rrosmaninho/Downloads/lsdig_mp_p3_88802_89264/fase_2/CounterDownBCD.vhd Line: 29
Warning (10492): VHDL Process Statement warning at CounterDownBCD.vhd(64): signal "MinDec" is read inside the Process Statement but isn't in the Process Statement's sensitivity list File: /home/rrosmaninho/Downloads/lsdig_mp_p3_88802_89264/fase_2/CounterDownBCD.vhd Line: 64
Warning (10492): VHDL Process Statement warning at CounterDownBCD.vhd(64): signal "MinUni" is read inside the Process Statement but isn't in the Process Statement's sensitivity list File: /home/rrosmaninho/Downloads/lsdig_mp_p3_88802_89264/fase_2/CounterDownBCD.vhd Line: 64
Warning (10492): VHDL Process Statement warning at CounterDownBCD.vhd(64): signal "SegDec" is read inside the Process Statement but isn't in the Process Statement's sensitivity list File: /home/rrosmaninho/Downloads/lsdig_mp_p3_88802_89264/fase_2/CounterDownBCD.vhd Line: 64
Warning (10492): VHDL Process Statement warning at CounterDownBCD.vhd(64): signal "SegUni" is read inside the Process Statement but isn't in the Process Statement's sensitivity list File: /home/rrosmaninho/Downloads/lsdig_mp_p3_88802_89264/fase_2/CounterDownBCD.vhd Line: 64
Info (12129): Elaborating entity "Bin7SegDecoder" using architecture "A:behavioral" for hierarchy "Bin7SegDecoder:bin7_MinDec" File: /home/rrosmaninho/Downloads/lsdig_mp_p3_88802_89264/fase_2/MinSegTimer.vhd Line: 62
Info (13000): Registers with preset signals will power-up high File: /home/rrosmaninho/Downloads/lsdig_mp_p3_88802_89264/fase_2/CounterDownBCD.vhd Line: 25
Info (13003): DEV_CLRn pin will set, and not reset, register with preset signal due to NOT Gate Push-Back
Info (286030): Timing-Driven Synthesis is running
Info (16010): Generating hard_block partition "hard_block:auto_generated_inst"
    Info (16011): Adding 0 node(s), including 0 DDIO, 0 PLL, 0 transceiver and 0 LCELL
Warning (21074): Design contains 16 input pin(s) that do not drive logic
    Warning (15610): No output dependent on input pin "SW[0]" File: /home/rrosmaninho/Downloads/lsdig_mp_p3_88802_89264/fase_2/MinSegTimer.vhd Line: 7
    Warning (15610): No output dependent on input pin "SW[1]" File: /home/rrosmaninho/Downloads/lsdig_mp_p3_88802_89264/fase_2/MinSegTimer.vhd Line: 7
    Warning (15610): No output dependent on input pin "SW[2]" File: /home/rrosmaninho/Downloads/lsdig_mp_p3_88802_89264/fase_2/MinSegTimer.vhd Line: 7
    Warning (15610): No output dependent on input pin "SW[3]" File: /home/rrosmaninho/Downloads/lsdig_mp_p3_88802_89264/fase_2/MinSegTimer.vhd Line: 7
    Warning (15610): No output dependent on input pin "SW[4]" File: /home/rrosmaninho/Downloads/lsdig_mp_p3_88802_89264/fase_2/MinSegTimer.vhd Line: 7
    Warning (15610): No output dependent on input pin "SW[5]" File: /home/rrosmaninho/Downloads/lsdig_mp_p3_88802_89264/fase_2/MinSegTimer.vhd Line: 7
    Warning (15610): No output dependent on input pin "SW[6]" File: /home/rrosmaninho/Downloads/lsdig_mp_p3_88802_89264/fase_2/MinSegTimer.vhd Line: 7
    Warning (15610): No output dependent on input pin "SW[7]" File: /home/rrosmaninho/Downloads/lsdig_mp_p3_88802_89264/fase_2/MinSegTimer.vhd Line: 7
    Warning (15610): No output dependent on input pin "SW[8]" File: /home/rrosmaninho/Downloads/lsdig_mp_p3_88802_89264/fase_2/MinSegTimer.vhd Line: 7
    Warning (15610): No output dependent on input pin "SW[9]" File: /home/rrosmaninho/Downloads/lsdig_mp_p3_88802_89264/fase_2/MinSegTimer.vhd Line: 7
    Warning (15610): No output dependent on input pin "SW[10]" File: /home/rrosmaninho/Downloads/lsdig_mp_p3_88802_89264/fase_2/MinSegTimer.vhd Line: 7
    Warning (15610): No output dependent on input pin "SW[11]" File: /home/rrosmaninho/Downloads/lsdig_mp_p3_88802_89264/fase_2/MinSegTimer.vhd Line: 7
    Warning (15610): No output dependent on input pin "SW[12]" File: /home/rrosmaninho/Downloads/lsdig_mp_p3_88802_89264/fase_2/MinSegTimer.vhd Line: 7
    Warning (15610): No output dependent on input pin "SW[13]" File: /home/rrosmaninho/Downloads/lsdig_mp_p3_88802_89264/fase_2/MinSegTimer.vhd Line: 7
    Warning (15610): No output dependent on input pin "SW[14]" File: /home/rrosmaninho/Downloads/lsdig_mp_p3_88802_89264/fase_2/MinSegTimer.vhd Line: 7
    Warning (15610): No output dependent on input pin "SW[15]" File: /home/rrosmaninho/Downloads/lsdig_mp_p3_88802_89264/fase_2/MinSegTimer.vhd Line: 7
Info (21057): Implemented 207 device resources after synthesis - the final resource count might be different
    Info (21058): Implemented 19 input pins
    Info (21059): Implemented 30 output pins
    Info (21061): Implemented 158 logic cells
Info: Quartus Prime Analysis & Synthesis was successful. 0 errors, 28 warnings
    Info: Peak virtual memory: 1023 megabytes
    Info: Processing ended: Sun Apr 15 18:45:48 2018
    Info: Elapsed time: 00:00:11
    Info: Total CPU time (on all processors): 00:00:28


