Copyright 1986-2020 Xilinx, Inc. All Rights Reserved.
------------------------------------------------------------------------------------
| Tool Version : Vivado v.2020.2 (win64) Build 3064766 Wed Nov 18 09:12:45 MST 2020
| Date         : Mon Jun 21 15:27:19 2021
| Host         : EURICO-PC running 64-bit major release  (build 9200)
| Command      : upgrade_ip
| Device       : xc7a100tcsg324-1
------------------------------------------------------------------------------------

Upgrade Log for IP 'mb_design_AESEncrypter128Cop_0_0'

1. Summary
----------

SUCCESS in the upgrade of mb_design_AESEncrypter128Cop_0_0 (xilinx.com:user:AESEncrypter128Cop:1.0) from (Rev. 137) to (Rev. 138)






Copyright 1986-2020 Xilinx, Inc. All Rights Reserved.
------------------------------------------------------------------------------------
| Tool Version : Vivado v.2020.2 (win64) Build 3064766 Wed Nov 18 09:12:45 MST 2020
| Date         : Mon Jun 21 13:42:13 2021
| Host         : EURICO-PC running 64-bit major release  (build 9200)
| Command      : upgrade_ip
| Device       : xc7a100tcsg324-1
------------------------------------------------------------------------------------

Upgrade Log for IP 'mb_design_AESEncrypter128Cop_0_0'

1. Summary
----------

SUCCESS in the upgrade of mb_design_AESEncrypter128Cop_0_0 (xilinx.com:user:AESEncrypter128Cop:1.0) from (Rev. 136) to (Rev. 137)






Copyright 1986-2020 Xilinx, Inc. All Rights Reserved.
------------------------------------------------------------------------------------
| Tool Version : Vivado v.2020.2 (win64) Build 3064766 Wed Nov 18 09:12:45 MST 2020
| Date         : Mon Jun 21 06:30:19 2021
| Host         : EURICO-PC running 64-bit major release  (build 9200)
| Command      : upgrade_ip
| Device       : xc7a100tcsg324-1
------------------------------------------------------------------------------------

Upgrade Log for IP 'mb_design_AESEncrypter128Cop_0_0'

1. Summary
----------

SUCCESS in the upgrade of mb_design_AESEncrypter128Cop_0_0 (xilinx.com:user:AESEncrypter128Cop:1.0) from (Rev. 135) to (Rev. 136)






Copyright 1986-2020 Xilinx, Inc. All Rights Reserved.
------------------------------------------------------------------------------------
| Tool Version : Vivado v.2020.2 (win64) Build 3064766 Wed Nov 18 09:12:45 MST 2020
| Date         : Mon Jun 21 06:16:01 2021
| Host         : EURICO-PC running 64-bit major release  (build 9200)
| Command      : upgrade_ip
| Device       : xc7a100tcsg324-1
------------------------------------------------------------------------------------

Upgrade Log for IP 'mb_design_AESEncrypter128Cop_0_0'

1. Summary
----------

SUCCESS in the upgrade of mb_design_AESEncrypter128Cop_0_0 (xilinx.com:user:AESEncrypter128Cop:1.0) from (Rev. 134) to (Rev. 135)






Copyright 1986-2020 Xilinx, Inc. All Rights Reserved.
------------------------------------------------------------------------------------
| Tool Version : Vivado v.2020.2 (win64) Build 3064766 Wed Nov 18 09:12:45 MST 2020
| Date         : Mon Jun 21 06:06:50 2021
| Host         : EURICO-PC running 64-bit major release  (build 9200)
| Command      : upgrade_ip
| Device       : xc7a100tcsg324-1
------------------------------------------------------------------------------------

Upgrade Log for IP 'mb_design_AESEncrypter128Cop_0_0'

1. Summary
----------

SUCCESS in the upgrade of mb_design_AESEncrypter128Cop_0_0 (xilinx.com:user:AESEncrypter128Cop:1.0) from (Rev. 133) to (Rev. 134)






Copyright 1986-2020 Xilinx, Inc. All Rights Reserved.
------------------------------------------------------------------------------------
| Tool Version : Vivado v.2020.2 (win64) Build 3064766 Wed Nov 18 09:12:45 MST 2020
| Date         : Mon Jun 21 05:59:30 2021
| Host         : EURICO-PC running 64-bit major release  (build 9200)
| Command      : upgrade_ip
| Device       : xc7a100tcsg324-1
------------------------------------------------------------------------------------

Upgrade Log for IP 'mb_design_AESEncrypter128Cop_0_0'

1. Summary
----------

SUCCESS in the upgrade of mb_design_AESEncrypter128Cop_0_0 (xilinx.com:user:AESEncrypter128Cop:1.0) from (Rev. 132) to (Rev. 133)






Copyright 1986-2020 Xilinx, Inc. All Rights Reserved.
------------------------------------------------------------------------------------
| Tool Version : Vivado v.2020.2 (win64) Build 3064766 Wed Nov 18 09:12:45 MST 2020
| Date         : Mon Jun 21 05:52:29 2021
| Host         : EURICO-PC running 64-bit major release  (build 9200)
| Command      : upgrade_ip
| Device       : xc7a100tcsg324-1
------------------------------------------------------------------------------------

Upgrade Log for IP 'mb_design_AESEncrypter128Cop_0_0'

1. Summary
----------

SUCCESS in the upgrade of mb_design_AESEncrypter128Cop_0_0 (xilinx.com:user:AESEncrypter128Cop:1.0) from (Rev. 131) to (Rev. 132)






Copyright 1986-2020 Xilinx, Inc. All Rights Reserved.
------------------------------------------------------------------------------------
| Tool Version : Vivado v.2020.2 (win64) Build 3064766 Wed Nov 18 09:12:45 MST 2020
| Date         : Mon Jun 21 04:44:01 2021
| Host         : EURICO-PC running 64-bit major release  (build 9200)
| Command      : upgrade_ip
| Device       : xc7a100tcsg324-1
------------------------------------------------------------------------------------

Upgrade Log for IP 'mb_design_AESEncrypter128Cop_0_0'

1. Summary
----------

SUCCESS in the upgrade of mb_design_AESEncrypter128Cop_0_0 (xilinx.com:user:AESEncrypter128Cop:1.0) from (Rev. 130) to (Rev. 131)






Copyright 1986-2020 Xilinx, Inc. All Rights Reserved.
------------------------------------------------------------------------------------
| Tool Version : Vivado v.2020.2 (win64) Build 3064766 Wed Nov 18 09:12:45 MST 2020
| Date         : Mon Jun 21 04:35:21 2021
| Host         : EURICO-PC running 64-bit major release  (build 9200)
| Command      : upgrade_ip
| Device       : xc7a100tcsg324-1
------------------------------------------------------------------------------------

Upgrade Log for IP 'mb_design_AESEncrypter128Cop_0_0'

1. Summary
----------

SUCCESS in the upgrade of mb_design_AESEncrypter128Cop_0_0 (xilinx.com:user:AESEncrypter128Cop:1.0) from (Rev. 129) to (Rev. 130)






Copyright 1986-2020 Xilinx, Inc. All Rights Reserved.
------------------------------------------------------------------------------------
| Tool Version : Vivado v.2020.2 (win64) Build 3064766 Wed Nov 18 09:12:45 MST 2020
| Date         : Mon Jun 21 04:22:49 2021
| Host         : EURICO-PC running 64-bit major release  (build 9200)
| Command      : upgrade_ip
| Device       : xc7a100tcsg324-1
------------------------------------------------------------------------------------

Upgrade Log for IP 'mb_design_AESEncrypter128Cop_0_0'

1. Summary
----------

SUCCESS in the upgrade of mb_design_AESEncrypter128Cop_0_0 (xilinx.com:user:AESEncrypter128Cop:1.0) from (Rev. 128) to (Rev. 129)






Copyright 1986-2020 Xilinx, Inc. All Rights Reserved.
------------------------------------------------------------------------------------
| Tool Version : Vivado v.2020.2 (win64) Build 3064766 Wed Nov 18 09:12:45 MST 2020
| Date         : Mon Jun 21 04:06:00 2021
| Host         : EURICO-PC running 64-bit major release  (build 9200)
| Command      : upgrade_ip
| Device       : xc7a100tcsg324-1
------------------------------------------------------------------------------------

Upgrade Log for IP 'mb_design_AESEncrypter128Cop_0_0'

1. Summary
----------

SUCCESS in the upgrade of mb_design_AESEncrypter128Cop_0_0 (xilinx.com:user:AESEncrypter128Cop:1.0) from (Rev. 127) to (Rev. 128)






Copyright 1986-2020 Xilinx, Inc. All Rights Reserved.
------------------------------------------------------------------------------------
| Tool Version : Vivado v.2020.2 (win64) Build 3064766 Wed Nov 18 09:12:45 MST 2020
| Date         : Mon Jun 21 04:03:19 2021
| Host         : EURICO-PC running 64-bit major release  (build 9200)
| Command      : upgrade_ip
| Device       : xc7a100tcsg324-1
------------------------------------------------------------------------------------

Upgrade Log for IP 'mb_design_AESEncrypter128Cop_0_0'

1. Summary
----------

SUCCESS in the upgrade of mb_design_AESEncrypter128Cop_0_0 (xilinx.com:user:AESEncrypter128Cop:1.0) from (Rev. 126) to (Rev. 127)






Copyright 1986-2020 Xilinx, Inc. All Rights Reserved.
------------------------------------------------------------------------------------
| Tool Version : Vivado v.2020.2 (win64) Build 3064766 Wed Nov 18 09:12:45 MST 2020
| Date         : Mon Jun 21 03:47:15 2021
| Host         : EURICO-PC running 64-bit major release  (build 9200)
| Command      : upgrade_ip
| Device       : xc7a100tcsg324-1
------------------------------------------------------------------------------------

Upgrade Log for IP 'mb_design_AESEncrypter128Cop_0_0'

1. Summary
----------

SUCCESS in the upgrade of mb_design_AESEncrypter128Cop_0_0 (xilinx.com:user:AESEncrypter128Cop:1.0) from (Rev. 125) to (Rev. 126)






Copyright 1986-2020 Xilinx, Inc. All Rights Reserved.
------------------------------------------------------------------------------------
| Tool Version : Vivado v.2020.2 (win64) Build 3064766 Wed Nov 18 09:12:45 MST 2020
| Date         : Mon Jun 21 03:31:46 2021
| Host         : EURICO-PC running 64-bit major release  (build 9200)
| Command      : upgrade_ip
| Device       : xc7a100tcsg324-1
------------------------------------------------------------------------------------

Upgrade Log for IP 'mb_design_AESEncrypter128Cop_0_0'

1. Summary
----------

SUCCESS in the upgrade of mb_design_AESEncrypter128Cop_0_0 (xilinx.com:user:AESEncrypter128Cop:1.0) from (Rev. 124) to (Rev. 125)






Copyright 1986-2020 Xilinx, Inc. All Rights Reserved.
------------------------------------------------------------------------------------
| Tool Version : Vivado v.2020.2 (win64) Build 3064766 Wed Nov 18 09:12:45 MST 2020
| Date         : Mon Jun 21 02:42:18 2021
| Host         : EURICO-PC running 64-bit major release  (build 9200)
| Command      : upgrade_ip
| Device       : xc7a100tcsg324-1
------------------------------------------------------------------------------------

Upgrade Log for IP 'mb_design_AESEncrypter128Cop_0_0'

1. Summary
----------

SUCCESS in the upgrade of mb_design_AESEncrypter128Cop_0_0 (xilinx.com:user:AESEncrypter128Cop:1.0) from (Rev. 123) to (Rev. 124)






Copyright 1986-2020 Xilinx, Inc. All Rights Reserved.
------------------------------------------------------------------------------------
| Tool Version : Vivado v.2020.2 (win64) Build 3064766 Wed Nov 18 09:12:45 MST 2020
| Date         : Mon Jun 21 02:17:41 2021
| Host         : EURICO-PC running 64-bit major release  (build 9200)
| Command      : upgrade_ip
| Device       : xc7a100tcsg324-1
------------------------------------------------------------------------------------

Upgrade Log for IP 'mb_design_AESEncrypter128Cop_0_0'

1. Summary
----------

SUCCESS in the upgrade of mb_design_AESEncrypter128Cop_0_0 (xilinx.com:user:AESEncrypter128Cop:1.0) from (Rev. 122) to (Rev. 123)






Copyright 1986-2020 Xilinx, Inc. All Rights Reserved.
------------------------------------------------------------------------------------
| Tool Version : Vivado v.2020.2 (win64) Build 3064766 Wed Nov 18 09:12:45 MST 2020
| Date         : Mon Jun 21 02:09:53 2021
| Host         : EURICO-PC running 64-bit major release  (build 9200)
| Command      : upgrade_ip
| Device       : xc7a100tcsg324-1
------------------------------------------------------------------------------------

Upgrade Log for IP 'mb_design_AESEncrypter128Cop_0_0'

1. Summary
----------

SUCCESS in the upgrade of mb_design_AESEncrypter128Cop_0_0 (xilinx.com:user:AESEncrypter128Cop:1.0) from (Rev. 121) to (Rev. 122)






Copyright 1986-2020 Xilinx, Inc. All Rights Reserved.
------------------------------------------------------------------------------------
| Tool Version : Vivado v.2020.2 (win64) Build 3064766 Wed Nov 18 09:12:45 MST 2020
| Date         : Mon Jun 21 01:54:58 2021
| Host         : EURICO-PC running 64-bit major release  (build 9200)
| Command      : upgrade_ip
| Device       : xc7a100tcsg324-1
------------------------------------------------------------------------------------

Upgrade Log for IP 'mb_design_AESEncrypter128Cop_0_0'

1. Summary
----------

SUCCESS in the upgrade of mb_design_AESEncrypter128Cop_0_0 (xilinx.com:user:AESEncrypter128Cop:1.0) from (Rev. 120) to (Rev. 121)






Copyright 1986-2020 Xilinx, Inc. All Rights Reserved.
------------------------------------------------------------------------------------
| Tool Version : Vivado v.2020.2 (win64) Build 3064766 Wed Nov 18 09:12:45 MST 2020
| Date         : Mon Jun 21 01:48:03 2021
| Host         : EURICO-PC running 64-bit major release  (build 9200)
| Command      : upgrade_ip
| Device       : xc7a100tcsg324-1
------------------------------------------------------------------------------------

Upgrade Log for IP 'mb_design_AESEncrypter128Cop_0_0'

1. Summary
----------

SUCCESS in the upgrade of mb_design_AESEncrypter128Cop_0_0 (xilinx.com:user:AESEncrypter128Cop:1.0) from (Rev. 119) to (Rev. 120)






Copyright 1986-2020 Xilinx, Inc. All Rights Reserved.
------------------------------------------------------------------------------------
| Tool Version : Vivado v.2020.2 (win64) Build 3064766 Wed Nov 18 09:12:45 MST 2020
| Date         : Mon Jun 21 01:40:56 2021
| Host         : EURICO-PC running 64-bit major release  (build 9200)
| Command      : upgrade_ip
| Device       : xc7a100tcsg324-1
------------------------------------------------------------------------------------

Upgrade Log for IP 'mb_design_AESEncrypter128Cop_0_0'

1. Summary
----------

SUCCESS in the upgrade of mb_design_AESEncrypter128Cop_0_0 (xilinx.com:user:AESEncrypter128Cop:1.0) from (Rev. 118) to (Rev. 119)






Copyright 1986-2020 Xilinx, Inc. All Rights Reserved.
------------------------------------------------------------------------------------
| Tool Version : Vivado v.2020.2 (win64) Build 3064766 Wed Nov 18 09:12:45 MST 2020
| Date         : Mon Jun 21 01:32:07 2021
| Host         : EURICO-PC running 64-bit major release  (build 9200)
| Command      : upgrade_ip
| Device       : xc7a100tcsg324-1
------------------------------------------------------------------------------------

Upgrade Log for IP 'mb_design_AESEncrypter128Cop_0_0'

1. Summary
----------

SUCCESS in the upgrade of mb_design_AESEncrypter128Cop_0_0 (xilinx.com:user:AESEncrypter128Cop:1.0) from (Rev. 117) to (Rev. 118)






Copyright 1986-2020 Xilinx, Inc. All Rights Reserved.
------------------------------------------------------------------------------------
| Tool Version : Vivado v.2020.2 (win64) Build 3064766 Wed Nov 18 09:12:45 MST 2020
| Date         : Mon Jun 21 01:24:30 2021
| Host         : EURICO-PC running 64-bit major release  (build 9200)
| Command      : upgrade_ip
| Device       : xc7a100tcsg324-1
------------------------------------------------------------------------------------

Upgrade Log for IP 'mb_design_AESEncrypter128Cop_0_0'

1. Summary
----------

SUCCESS in the upgrade of mb_design_AESEncrypter128Cop_0_0 (xilinx.com:user:AESEncrypter128Cop:1.0) from (Rev. 116) to (Rev. 117)






Copyright 1986-2020 Xilinx, Inc. All Rights Reserved.
------------------------------------------------------------------------------------
| Tool Version : Vivado v.2020.2 (win64) Build 3064766 Wed Nov 18 09:12:45 MST 2020
| Date         : Mon Jun 21 01:14:25 2021
| Host         : EURICO-PC running 64-bit major release  (build 9200)
| Command      : upgrade_ip
| Device       : xc7a100tcsg324-1
------------------------------------------------------------------------------------

Upgrade Log for IP 'mb_design_AESEncrypter128Cop_0_0'

1. Summary
----------

SUCCESS in the upgrade of mb_design_AESEncrypter128Cop_0_0 (xilinx.com:user:AESEncrypter128Cop:1.0) from (Rev. 115) to (Rev. 116)






Copyright 1986-2020 Xilinx, Inc. All Rights Reserved.
------------------------------------------------------------------------------------
| Tool Version : Vivado v.2020.2 (win64) Build 3064766 Wed Nov 18 09:12:45 MST 2020
| Date         : Mon Jun 21 01:01:13 2021
| Host         : EURICO-PC running 64-bit major release  (build 9200)
| Command      : upgrade_ip
| Device       : xc7a100tcsg324-1
------------------------------------------------------------------------------------

Upgrade Log for IP 'mb_design_AESEncrypter128Cop_0_0'

1. Summary
----------

SUCCESS in the upgrade of mb_design_AESEncrypter128Cop_0_0 (xilinx.com:user:AESEncrypter128Cop:1.0) from (Rev. 114) to (Rev. 115)






Copyright 1986-2020 Xilinx, Inc. All Rights Reserved.
------------------------------------------------------------------------------------
| Tool Version : Vivado v.2020.2 (win64) Build 3064766 Wed Nov 18 09:12:45 MST 2020
| Date         : Sun Jun 20 23:54:33 2021
| Host         : EURICO-PC running 64-bit major release  (build 9200)
| Command      : upgrade_ip
| Device       : xc7a100tcsg324-1
------------------------------------------------------------------------------------

Upgrade Log for IP 'mb_design_AESEncrypter128Cop_0_0'

1. Summary
----------

SUCCESS in the upgrade of mb_design_AESEncrypter128Cop_0_0 (xilinx.com:user:AESEncrypter128Cop:1.0) from (Rev. 113) to (Rev. 114)






Copyright 1986-2020 Xilinx, Inc. All Rights Reserved.
------------------------------------------------------------------------------------
| Tool Version : Vivado v.2020.2 (win64) Build 3064766 Wed Nov 18 09:12:45 MST 2020
| Date         : Sun Jun 20 23:38:22 2021
| Host         : EURICO-PC running 64-bit major release  (build 9200)
| Command      : upgrade_ip
| Device       : xc7a100tcsg324-1
------------------------------------------------------------------------------------

Upgrade Log for IP 'mb_design_AESEncrypter128Cop_0_0'

1. Summary
----------

SUCCESS in the upgrade of mb_design_AESEncrypter128Cop_0_0 (xilinx.com:user:AESEncrypter128Cop:1.0) from (Rev. 112) to (Rev. 113)






Copyright 1986-2020 Xilinx, Inc. All Rights Reserved.
------------------------------------------------------------------------------------
| Tool Version : Vivado v.2020.2 (win64) Build 3064766 Wed Nov 18 09:12:45 MST 2020
| Date         : Sun Jun 20 23:20:13 2021
| Host         : EURICO-PC running 64-bit major release  (build 9200)
| Command      : upgrade_ip
| Device       : xc7a100tcsg324-1
------------------------------------------------------------------------------------

Upgrade Log for IP 'mb_design_AESEncrypter128Cop_0_0'

1. Summary
----------

SUCCESS in the upgrade of mb_design_AESEncrypter128Cop_0_0 (xilinx.com:user:AESEncrypter128Cop:1.0) from (Rev. 111) to (Rev. 112)






Copyright 1986-2020 Xilinx, Inc. All Rights Reserved.
------------------------------------------------------------------------------------
| Tool Version : Vivado v.2020.2 (win64) Build 3064766 Wed Nov 18 09:12:45 MST 2020
| Date         : Sun Jun 20 23:07:13 2021
| Host         : EURICO-PC running 64-bit major release  (build 9200)
| Command      : upgrade_ip
| Device       : xc7a100tcsg324-1
------------------------------------------------------------------------------------

Upgrade Log for IP 'mb_design_AESEncrypter128Cop_0_0'

1. Summary
----------

SUCCESS in the upgrade of mb_design_AESEncrypter128Cop_0_0 (xilinx.com:user:AESEncrypter128Cop:1.0) from (Rev. 110) to (Rev. 111)






Copyright 1986-2020 Xilinx, Inc. All Rights Reserved.
------------------------------------------------------------------------------------
| Tool Version : Vivado v.2020.2 (win64) Build 3064766 Wed Nov 18 09:12:45 MST 2020
| Date         : Sun Jun 20 22:54:59 2021
| Host         : EURICO-PC running 64-bit major release  (build 9200)
| Command      : upgrade_ip
| Device       : xc7a100tcsg324-1
------------------------------------------------------------------------------------

Upgrade Log for IP 'mb_design_AESEncrypter128Cop_0_0'

1. Summary
----------

SUCCESS in the upgrade of mb_design_AESEncrypter128Cop_0_0 (xilinx.com:user:AESEncrypter128Cop:1.0) from (Rev. 109) to (Rev. 110)






Copyright 1986-2020 Xilinx, Inc. All Rights Reserved.
------------------------------------------------------------------------------------
| Tool Version : Vivado v.2020.2 (win64) Build 3064766 Wed Nov 18 09:12:45 MST 2020
| Date         : Sun Jun 20 22:39:23 2021
| Host         : EURICO-PC running 64-bit major release  (build 9200)
| Command      : upgrade_ip
| Device       : xc7a100tcsg324-1
------------------------------------------------------------------------------------

Upgrade Log for IP 'mb_design_AESEncrypter128Cop_0_0'

1. Summary
----------

SUCCESS in the upgrade of mb_design_AESEncrypter128Cop_0_0 (xilinx.com:user:AESEncrypter128Cop:1.0) from (Rev. 108) to (Rev. 109)






Copyright 1986-2020 Xilinx, Inc. All Rights Reserved.
------------------------------------------------------------------------------------
| Tool Version : Vivado v.2020.2 (win64) Build 3064766 Wed Nov 18 09:12:45 MST 2020
| Date         : Sun Jun 20 22:21:12 2021
| Host         : EURICO-PC running 64-bit major release  (build 9200)
| Command      : upgrade_ip
| Device       : xc7a100tcsg324-1
------------------------------------------------------------------------------------

Upgrade Log for IP 'mb_design_AESEncrypter128Cop_0_0'

1. Summary
----------

SUCCESS in the upgrade of mb_design_AESEncrypter128Cop_0_0 (xilinx.com:user:AESEncrypter128Cop:1.0) from (Rev. 107) to (Rev. 108)






Copyright 1986-2020 Xilinx, Inc. All Rights Reserved.
------------------------------------------------------------------------------------
| Tool Version : Vivado v.2020.2 (win64) Build 3064766 Wed Nov 18 09:12:45 MST 2020
| Date         : Sun Jun 20 22:05:01 2021
| Host         : EURICO-PC running 64-bit major release  (build 9200)
| Command      : upgrade_ip
| Device       : xc7a100tcsg324-1
------------------------------------------------------------------------------------

Upgrade Log for IP 'mb_design_AESEncrypter128Cop_0_0'

1. Summary
----------

SUCCESS in the upgrade of mb_design_AESEncrypter128Cop_0_0 (xilinx.com:user:AESEncrypter128Cop:1.0) from (Rev. 106) to (Rev. 107)






Copyright 1986-2020 Xilinx, Inc. All Rights Reserved.
------------------------------------------------------------------------------------
| Tool Version : Vivado v.2020.2 (win64) Build 3064766 Wed Nov 18 09:12:45 MST 2020
| Date         : Sun Jun 20 21:57:59 2021
| Host         : EURICO-PC running 64-bit major release  (build 9200)
| Command      : upgrade_ip
| Device       : xc7a100tcsg324-1
------------------------------------------------------------------------------------

Upgrade Log for IP 'mb_design_AESEncrypter128Cop_0_0'

1. Summary
----------

SUCCESS in the upgrade of mb_design_AESEncrypter128Cop_0_0 (xilinx.com:user:AESEncrypter128Cop:1.0) from (Rev. 105) to (Rev. 106)






Copyright 1986-2020 Xilinx, Inc. All Rights Reserved.
------------------------------------------------------------------------------------
| Tool Version : Vivado v.2020.2 (win64) Build 3064766 Wed Nov 18 09:12:45 MST 2020
| Date         : Sun Jun 20 21:54:45 2021
| Host         : EURICO-PC running 64-bit major release  (build 9200)
| Command      : upgrade_ip
| Device       : xc7a100tcsg324-1
------------------------------------------------------------------------------------

Upgrade Log for IP 'mb_design_AESEncrypter128Cop_0_0'

1. Summary
----------

SUCCESS in the upgrade of mb_design_AESEncrypter128Cop_0_0 (xilinx.com:user:AESEncrypter128Cop:1.0) from (Rev. 104) to (Rev. 105)






Copyright 1986-2020 Xilinx, Inc. All Rights Reserved.
------------------------------------------------------------------------------------
| Tool Version : Vivado v.2020.2 (win64) Build 3064766 Wed Nov 18 09:12:45 MST 2020
| Date         : Sun Jun 20 21:40:30 2021
| Host         : EURICO-PC running 64-bit major release  (build 9200)
| Command      : upgrade_ip
| Device       : xc7a100tcsg324-1
------------------------------------------------------------------------------------

Upgrade Log for IP 'mb_design_AESEncrypter128Cop_0_0'

1. Summary
----------

SUCCESS in the upgrade of mb_design_AESEncrypter128Cop_0_0 (xilinx.com:user:AESEncrypter128Cop:1.0) from (Rev. 103) to (Rev. 104)






Copyright 1986-2020 Xilinx, Inc. All Rights Reserved.
------------------------------------------------------------------------------------
| Tool Version : Vivado v.2020.2 (win64) Build 3064766 Wed Nov 18 09:12:45 MST 2020
| Date         : Sun Jun 20 21:13:15 2021
| Host         : EURICO-PC running 64-bit major release  (build 9200)
| Command      : upgrade_ip
| Device       : xc7a100tcsg324-1
------------------------------------------------------------------------------------

Upgrade Log for IP 'mb_design_AESEncrypter128Cop_0_0'

1. Summary
----------

SUCCESS in the upgrade of mb_design_AESEncrypter128Cop_0_0 (xilinx.com:user:AESEncrypter128Cop:1.0) from (Rev. 102) to (Rev. 103)






Copyright 1986-2020 Xilinx, Inc. All Rights Reserved.
------------------------------------------------------------------------------------
| Tool Version : Vivado v.2020.2 (win64) Build 3064766 Wed Nov 18 09:12:45 MST 2020
| Date         : Sun Jun 20 21:00:08 2021
| Host         : EURICO-PC running 64-bit major release  (build 9200)
| Command      : upgrade_ip
| Device       : xc7a100tcsg324-1
------------------------------------------------------------------------------------

Upgrade Log for IP 'mb_design_AESEncrypter128Cop_0_0'

1. Summary
----------

SUCCESS in the upgrade of mb_design_AESEncrypter128Cop_0_0 (xilinx.com:user:AESEncrypter128Cop:1.0) from (Rev. 100) to (Rev. 102)






Copyright 1986-2020 Xilinx, Inc. All Rights Reserved.
------------------------------------------------------------------------------------
| Tool Version : Vivado v.2020.2 (win64) Build 3064766 Wed Nov 18 09:12:45 MST 2020
| Date         : Sun Jun 20 20:46:45 2021
| Host         : EURICO-PC running 64-bit major release  (build 9200)
| Command      : upgrade_ip
| Device       : xc7a100tcsg324-1
------------------------------------------------------------------------------------

Upgrade Log for IP 'mb_design_AESEncrypter128Cop_0_0'

1. Summary
----------

SUCCESS in the upgrade of mb_design_AESEncrypter128Cop_0_0 (xilinx.com:user:AESEncrypter128Cop:1.0) from (Rev. 99) to (Rev. 100)






Copyright 1986-2020 Xilinx, Inc. All Rights Reserved.
------------------------------------------------------------------------------------
| Tool Version : Vivado v.2020.2 (win64) Build 3064766 Wed Nov 18 09:12:45 MST 2020
| Date         : Sun Jun 20 20:31:16 2021
| Host         : EURICO-PC running 64-bit major release  (build 9200)
| Command      : upgrade_ip
| Device       : xc7a100tcsg324-1
------------------------------------------------------------------------------------

Upgrade Log for IP 'mb_design_AESEncrypter128Cop_0_0'

1. Summary
----------

SUCCESS in the upgrade of mb_design_AESEncrypter128Cop_0_0 (xilinx.com:user:AESEncrypter128Cop:1.0) from (Rev. 98) to (Rev. 99)






Copyright 1986-2020 Xilinx, Inc. All Rights Reserved.
------------------------------------------------------------------------------------
| Tool Version : Vivado v.2020.2 (win64) Build 3064766 Wed Nov 18 09:12:45 MST 2020
| Date         : Sun Jun 20 20:24:35 2021
| Host         : EURICO-PC running 64-bit major release  (build 9200)
| Command      : upgrade_ip
| Device       : xc7a100tcsg324-1
------------------------------------------------------------------------------------

Upgrade Log for IP 'mb_design_AESEncrypter128Cop_0_0'

1. Summary
----------

SUCCESS in the upgrade of mb_design_AESEncrypter128Cop_0_0 (xilinx.com:user:AESEncrypter128Cop:1.0) from (Rev. 97) to (Rev. 98)






Copyright 1986-2020 Xilinx, Inc. All Rights Reserved.
------------------------------------------------------------------------------------
| Tool Version : Vivado v.2020.2 (win64) Build 3064766 Wed Nov 18 09:12:45 MST 2020
| Date         : Sun Jun 20 19:38:23 2021
| Host         : EURICO-PC running 64-bit major release  (build 9200)
| Command      : upgrade_ip
| Device       : xc7a100tcsg324-1
------------------------------------------------------------------------------------

Upgrade Log for IP 'mb_design_AESEncrypter128Cop_0_0'

1. Summary
----------

SUCCESS in the upgrade of mb_design_AESEncrypter128Cop_0_0 (xilinx.com:user:AESEncrypter128Cop:1.0) from (Rev. 96) to (Rev. 97)






Copyright 1986-2020 Xilinx, Inc. All Rights Reserved.
------------------------------------------------------------------------------------
| Tool Version : Vivado v.2020.2 (win64) Build 3064766 Wed Nov 18 09:12:45 MST 2020
| Date         : Sun Jun 20 19:16:35 2021
| Host         : EURICO-PC running 64-bit major release  (build 9200)
| Command      : upgrade_ip
| Device       : xc7a100tcsg324-1
------------------------------------------------------------------------------------

Upgrade Log for IP 'mb_design_AESEncrypter128Cop_0_0'

1. Summary
----------

SUCCESS in the upgrade of mb_design_AESEncrypter128Cop_0_0 (xilinx.com:user:AESEncrypter128Cop:1.0) from (Rev. 95) to (Rev. 96)






Copyright 1986-2020 Xilinx, Inc. All Rights Reserved.
------------------------------------------------------------------------------------
| Tool Version : Vivado v.2020.2 (win64) Build 3064766 Wed Nov 18 09:12:45 MST 2020
| Date         : Sun Jun 20 17:38:52 2021
| Host         : EURICO-PC running 64-bit major release  (build 9200)
| Command      : upgrade_ip
| Device       : xc7a100tcsg324-1
------------------------------------------------------------------------------------

Upgrade Log for IP 'mb_design_AESEncrypter128Cop_0_0'

1. Summary
----------

SUCCESS in the upgrade of mb_design_AESEncrypter128Cop_0_0 (xilinx.com:user:AESEncrypter128Cop:1.0) from (Rev. 94) to (Rev. 95)






Copyright 1986-2020 Xilinx, Inc. All Rights Reserved.
------------------------------------------------------------------------------------
| Tool Version : Vivado v.2020.2 (win64) Build 3064766 Wed Nov 18 09:12:45 MST 2020
| Date         : Sun Jun 20 17:28:09 2021
| Host         : EURICO-PC running 64-bit major release  (build 9200)
| Command      : upgrade_ip
| Device       : xc7a100tcsg324-1
------------------------------------------------------------------------------------

Upgrade Log for IP 'mb_design_AESEncrypter128Cop_0_0'

1. Summary
----------

SUCCESS in the upgrade of mb_design_AESEncrypter128Cop_0_0 (xilinx.com:user:AESEncrypter128Cop:1.0) from (Rev. 92) to (Rev. 94)






Copyright 1986-2020 Xilinx, Inc. All Rights Reserved.
------------------------------------------------------------------------------------
| Tool Version : Vivado v.2020.2 (win64) Build 3064766 Wed Nov 18 09:12:45 MST 2020
| Date         : Sun Jun 20 17:09:10 2021
| Host         : EURICO-PC running 64-bit major release  (build 9200)
| Command      : upgrade_ip
| Device       : xc7a100tcsg324-1
------------------------------------------------------------------------------------

Upgrade Log for IP 'mb_design_AESEncrypter128Cop_0_0'

1. Summary
----------

SUCCESS in the upgrade of mb_design_AESEncrypter128Cop_0_0 (xilinx.com:user:AESEncrypter128Cop:1.0) from (Rev. 91) to (Rev. 92)






Copyright 1986-2020 Xilinx, Inc. All Rights Reserved.
------------------------------------------------------------------------------------
| Tool Version : Vivado v.2020.2 (win64) Build 3064766 Wed Nov 18 09:12:45 MST 2020
| Date         : Sun Jun 20 17:01:36 2021
| Host         : EURICO-PC running 64-bit major release  (build 9200)
| Command      : upgrade_ip
| Device       : xc7a100tcsg324-1
------------------------------------------------------------------------------------

Upgrade Log for IP 'mb_design_AESEncrypter128Cop_0_0'

1. Summary
----------

SUCCESS in the upgrade of mb_design_AESEncrypter128Cop_0_0 (xilinx.com:user:AESEncrypter128Cop:1.0) from (Rev. 90) to (Rev. 91)






Copyright 1986-2020 Xilinx, Inc. All Rights Reserved.
------------------------------------------------------------------------------------
| Tool Version : Vivado v.2020.2 (win64) Build 3064766 Wed Nov 18 09:12:45 MST 2020
| Date         : Sun Jun 20 16:31:57 2021
| Host         : EURICO-PC running 64-bit major release  (build 9200)
| Command      : upgrade_ip
| Device       : xc7a100tcsg324-1
------------------------------------------------------------------------------------

Upgrade Log for IP 'mb_design_AESEncrypter128Cop_0_0'

1. Summary
----------

SUCCESS in the upgrade of mb_design_AESEncrypter128Cop_0_0 (xilinx.com:user:AESEncrypter128Cop:1.0) from (Rev. 89) to (Rev. 90)






Copyright 1986-2020 Xilinx, Inc. All Rights Reserved.
------------------------------------------------------------------------------------
| Tool Version : Vivado v.2020.2 (win64) Build 3064766 Wed Nov 18 09:12:45 MST 2020
| Date         : Sun Jun 20 16:18:15 2021
| Host         : EURICO-PC running 64-bit major release  (build 9200)
| Command      : upgrade_ip
| Device       : xc7a100tcsg324-1
------------------------------------------------------------------------------------

Upgrade Log for IP 'mb_design_AESEncrypter128Cop_0_0'

1. Summary
----------

SUCCESS in the upgrade of mb_design_AESEncrypter128Cop_0_0 (xilinx.com:user:AESEncrypter128Cop:1.0) from (Rev. 88) to (Rev. 89)






Copyright 1986-2020 Xilinx, Inc. All Rights Reserved.
------------------------------------------------------------------------------------
| Tool Version : Vivado v.2020.2 (win64) Build 3064766 Wed Nov 18 09:12:45 MST 2020
| Date         : Sun Jun 20 15:45:56 2021
| Host         : EURICO-PC running 64-bit major release  (build 9200)
| Command      : upgrade_ip
| Device       : xc7a100tcsg324-1
------------------------------------------------------------------------------------

Upgrade Log for IP 'mb_design_AESEncrypter128Cop_0_0'

1. Summary
----------

SUCCESS in the upgrade of mb_design_AESEncrypter128Cop_0_0 (xilinx.com:user:AESEncrypter128Cop:1.0) from (Rev. 87) to (Rev. 88)






Copyright 1986-2020 Xilinx, Inc. All Rights Reserved.
------------------------------------------------------------------------------------
| Tool Version : Vivado v.2020.2 (win64) Build 3064766 Wed Nov 18 09:12:45 MST 2020
| Date         : Sun Jun 20 15:38:55 2021
| Host         : EURICO-PC running 64-bit major release  (build 9200)
| Command      : upgrade_ip
| Device       : xc7a100tcsg324-1
------------------------------------------------------------------------------------

Upgrade Log for IP 'mb_design_AESEncrypter128Cop_0_0'

1. Summary
----------

SUCCESS in the upgrade of mb_design_AESEncrypter128Cop_0_0 (xilinx.com:user:AESEncrypter128Cop:1.0) from (Rev. 86) to (Rev. 87)






Copyright 1986-2020 Xilinx, Inc. All Rights Reserved.
------------------------------------------------------------------------------------
| Tool Version : Vivado v.2020.2 (win64) Build 3064766 Wed Nov 18 09:12:45 MST 2020
| Date         : Sun Jun 20 15:30:56 2021
| Host         : EURICO-PC running 64-bit major release  (build 9200)
| Command      : upgrade_ip
| Device       : xc7a100tcsg324-1
------------------------------------------------------------------------------------

Upgrade Log for IP 'mb_design_AESEncrypter128Cop_0_0'

1. Summary
----------

SUCCESS in the upgrade of mb_design_AESEncrypter128Cop_0_0 (xilinx.com:user:AESEncrypter128Cop:1.0) from (Rev. 85) to (Rev. 86)






Copyright 1986-2020 Xilinx, Inc. All Rights Reserved.
------------------------------------------------------------------------------------
| Tool Version : Vivado v.2020.2 (win64) Build 3064766 Wed Nov 18 09:12:45 MST 2020
| Date         : Sun Jun 20 15:24:00 2021
| Host         : EURICO-PC running 64-bit major release  (build 9200)
| Command      : upgrade_ip
| Device       : xc7a100tcsg324-1
------------------------------------------------------------------------------------

Upgrade Log for IP 'mb_design_AESEncrypter128Cop_0_0'

1. Summary
----------

SUCCESS in the upgrade of mb_design_AESEncrypter128Cop_0_0 (xilinx.com:user:AESEncrypter128Cop:1.0) from (Rev. 84) to (Rev. 85)






Copyright 1986-2020 Xilinx, Inc. All Rights Reserved.
------------------------------------------------------------------------------------
| Tool Version : Vivado v.2020.2 (win64) Build 3064766 Wed Nov 18 09:12:45 MST 2020
| Date         : Sun Jun 20 15:15:49 2021
| Host         : EURICO-PC running 64-bit major release  (build 9200)
| Command      : upgrade_ip
| Device       : xc7a100tcsg324-1
------------------------------------------------------------------------------------

Upgrade Log for IP 'mb_design_AESEncrypter128Cop_0_0'

1. Summary
----------

SUCCESS in the upgrade of mb_design_AESEncrypter128Cop_0_0 (xilinx.com:user:AESEncrypter128Cop:1.0) from (Rev. 83) to (Rev. 84)






Copyright 1986-2020 Xilinx, Inc. All Rights Reserved.
------------------------------------------------------------------------------------
| Tool Version : Vivado v.2020.2 (win64) Build 3064766 Wed Nov 18 09:12:45 MST 2020
| Date         : Sun Jun 20 15:08:10 2021
| Host         : EURICO-PC running 64-bit major release  (build 9200)
| Command      : upgrade_ip
| Device       : xc7a100tcsg324-1
------------------------------------------------------------------------------------

Upgrade Log for IP 'mb_design_AESEncrypter128Cop_0_0'

1. Summary
----------

SUCCESS in the upgrade of mb_design_AESEncrypter128Cop_0_0 (xilinx.com:user:AESEncrypter128Cop:1.0) from (Rev. 82) to (Rev. 83)






Copyright 1986-2020 Xilinx, Inc. All Rights Reserved.
------------------------------------------------------------------------------------
| Tool Version : Vivado v.2020.2 (win64) Build 3064766 Wed Nov 18 09:12:45 MST 2020
| Date         : Sun Jun 20 15:01:43 2021
| Host         : EURICO-PC running 64-bit major release  (build 9200)
| Command      : upgrade_ip
| Device       : xc7a100tcsg324-1
------------------------------------------------------------------------------------

Upgrade Log for IP 'mb_design_AESEncrypter128Cop_0_0'

1. Summary
----------

SUCCESS in the upgrade of mb_design_AESEncrypter128Cop_0_0 (xilinx.com:user:AESEncrypter128Cop:1.0) from (Rev. 81) to (Rev. 82)






Copyright 1986-2020 Xilinx, Inc. All Rights Reserved.
------------------------------------------------------------------------------------
| Tool Version : Vivado v.2020.2 (win64) Build 3064766 Wed Nov 18 09:12:45 MST 2020
| Date         : Sun Jun 20 14:50:50 2021
| Host         : EURICO-PC running 64-bit major release  (build 9200)
| Command      : upgrade_ip
| Device       : xc7a100tcsg324-1
------------------------------------------------------------------------------------

Upgrade Log for IP 'mb_design_AESEncrypter128Cop_0_0'

1. Summary
----------

SUCCESS in the upgrade of mb_design_AESEncrypter128Cop_0_0 (xilinx.com:user:AESEncrypter128Cop:1.0) from (Rev. 80) to (Rev. 81)






Copyright 1986-2020 Xilinx, Inc. All Rights Reserved.
------------------------------------------------------------------------------------
| Tool Version : Vivado v.2020.2 (win64) Build 3064766 Wed Nov 18 09:12:45 MST 2020
| Date         : Sun Jun 20 14:43:52 2021
| Host         : EURICO-PC running 64-bit major release  (build 9200)
| Command      : upgrade_ip
| Device       : xc7a100tcsg324-1
------------------------------------------------------------------------------------

Upgrade Log for IP 'mb_design_AESEncrypter128Cop_0_0'

1. Summary
----------

SUCCESS in the upgrade of mb_design_AESEncrypter128Cop_0_0 (xilinx.com:user:AESEncrypter128Cop:1.0) from (Rev. 79) to (Rev. 80)






Copyright 1986-2020 Xilinx, Inc. All Rights Reserved.
------------------------------------------------------------------------------------
| Tool Version : Vivado v.2020.2 (win64) Build 3064766 Wed Nov 18 09:12:45 MST 2020
| Date         : Sun Jun 20 08:12:47 2021
| Host         : EURICO-PC running 64-bit major release  (build 9200)
| Command      : upgrade_ip
| Device       : xc7a100tcsg324-1
------------------------------------------------------------------------------------

Upgrade Log for IP 'mb_design_AESEncrypter128Cop_0_0'

1. Summary
----------

SUCCESS in the upgrade of mb_design_AESEncrypter128Cop_0_0 (xilinx.com:user:AESEncrypter128Cop:1.0) from (Rev. 78) to (Rev. 79)






Copyright 1986-2020 Xilinx, Inc. All Rights Reserved.
------------------------------------------------------------------------------------
| Tool Version : Vivado v.2020.2 (win64) Build 3064766 Wed Nov 18 09:12:45 MST 2020
| Date         : Sun Jun 20 07:58:42 2021
| Host         : EURICO-PC running 64-bit major release  (build 9200)
| Command      : upgrade_ip
| Device       : xc7a100tcsg324-1
------------------------------------------------------------------------------------

Upgrade Log for IP 'mb_design_AESEncrypter128Cop_0_0'

1. Summary
----------

SUCCESS in the upgrade of mb_design_AESEncrypter128Cop_0_0 (xilinx.com:user:AESEncrypter128Cop:1.0) from (Rev. 77) to (Rev. 78)






Copyright 1986-2020 Xilinx, Inc. All Rights Reserved.
------------------------------------------------------------------------------------
| Tool Version : Vivado v.2020.2 (win64) Build 3064766 Wed Nov 18 09:12:45 MST 2020
| Date         : Sun Jun 20 07:42:13 2021
| Host         : EURICO-PC running 64-bit major release  (build 9200)
| Command      : upgrade_ip
| Device       : xc7a100tcsg324-1
------------------------------------------------------------------------------------

Upgrade Log for IP 'mb_design_AESEncrypter128Cop_0_0'

1. Summary
----------

SUCCESS in the upgrade of mb_design_AESEncrypter128Cop_0_0 (xilinx.com:user:AESEncrypter128Cop:1.0) from (Rev. 76) to (Rev. 77)






Copyright 1986-2020 Xilinx, Inc. All Rights Reserved.
------------------------------------------------------------------------------------
| Tool Version : Vivado v.2020.2 (win64) Build 3064766 Wed Nov 18 09:12:45 MST 2020
| Date         : Sun Jun 20 07:32:32 2021
| Host         : EURICO-PC running 64-bit major release  (build 9200)
| Command      : upgrade_ip
| Device       : xc7a100tcsg324-1
------------------------------------------------------------------------------------

Upgrade Log for IP 'mb_design_AESEncrypter128Cop_0_0'

1. Summary
----------

SUCCESS in the upgrade of mb_design_AESEncrypter128Cop_0_0 (xilinx.com:user:AESEncrypter128Cop:1.0) from (Rev. 75) to (Rev. 76)






Copyright 1986-2020 Xilinx, Inc. All Rights Reserved.
------------------------------------------------------------------------------------
| Tool Version : Vivado v.2020.2 (win64) Build 3064766 Wed Nov 18 09:12:45 MST 2020
| Date         : Sun Jun 20 07:23:37 2021
| Host         : EURICO-PC running 64-bit major release  (build 9200)
| Command      : upgrade_ip
| Device       : xc7a100tcsg324-1
------------------------------------------------------------------------------------

Upgrade Log for IP 'mb_design_AESEncrypter128Cop_0_0'

1. Summary
----------

SUCCESS in the upgrade of mb_design_AESEncrypter128Cop_0_0 (xilinx.com:user:AESEncrypter128Cop:1.0) from (Rev. 74) to (Rev. 75)






Copyright 1986-2020 Xilinx, Inc. All Rights Reserved.
------------------------------------------------------------------------------------
| Tool Version : Vivado v.2020.2 (win64) Build 3064766 Wed Nov 18 09:12:45 MST 2020
| Date         : Sun Jun 20 07:09:39 2021
| Host         : EURICO-PC running 64-bit major release  (build 9200)
| Command      : upgrade_ip
| Device       : xc7a100tcsg324-1
------------------------------------------------------------------------------------

Upgrade Log for IP 'mb_design_AESEncrypter128Cop_0_0'

1. Summary
----------

SUCCESS in the upgrade of mb_design_AESEncrypter128Cop_0_0 (xilinx.com:user:AESEncrypter128Cop:1.0) from (Rev. 73) to (Rev. 74)






Copyright 1986-2020 Xilinx, Inc. All Rights Reserved.
------------------------------------------------------------------------------------
| Tool Version : Vivado v.2020.2 (win64) Build 3064766 Wed Nov 18 09:12:45 MST 2020
| Date         : Sun Jun 20 07:00:51 2021
| Host         : EURICO-PC running 64-bit major release  (build 9200)
| Command      : upgrade_ip
| Device       : xc7a100tcsg324-1
------------------------------------------------------------------------------------

Upgrade Log for IP 'mb_design_AESEncrypter128Cop_0_0'

1. Summary
----------

SUCCESS in the upgrade of mb_design_AESEncrypter128Cop_0_0 (xilinx.com:user:AESEncrypter128Cop:1.0) from (Rev. 72) to (Rev. 73)






Copyright 1986-2020 Xilinx, Inc. All Rights Reserved.
------------------------------------------------------------------------------------
| Tool Version : Vivado v.2020.2 (win64) Build 3064766 Wed Nov 18 09:12:45 MST 2020
| Date         : Sun Jun 20 06:47:31 2021
| Host         : EURICO-PC running 64-bit major release  (build 9200)
| Command      : upgrade_ip
| Device       : xc7a100tcsg324-1
------------------------------------------------------------------------------------

Upgrade Log for IP 'mb_design_AESEncrypter128Cop_0_0'

1. Summary
----------

SUCCESS in the upgrade of mb_design_AESEncrypter128Cop_0_0 (xilinx.com:user:AESEncrypter128Cop:1.0) from (Rev. 71) to (Rev. 72)






Copyright 1986-2020 Xilinx, Inc. All Rights Reserved.
------------------------------------------------------------------------------------
| Tool Version : Vivado v.2020.2 (win64) Build 3064766 Wed Nov 18 09:12:45 MST 2020
| Date         : Sun Jun 20 06:32:50 2021
| Host         : EURICO-PC running 64-bit major release  (build 9200)
| Command      : upgrade_ip
| Device       : xc7a100tcsg324-1
------------------------------------------------------------------------------------

Upgrade Log for IP 'mb_design_AESEncrypter128Cop_0_0'

1. Summary
----------

SUCCESS in the upgrade of mb_design_AESEncrypter128Cop_0_0 (xilinx.com:user:AESEncrypter128Cop:1.0) from (Rev. 70) to (Rev. 71)






Copyright 1986-2020 Xilinx, Inc. All Rights Reserved.
------------------------------------------------------------------------------------
| Tool Version : Vivado v.2020.2 (win64) Build 3064766 Wed Nov 18 09:12:45 MST 2020
| Date         : Sun Jun 20 06:25:47 2021
| Host         : EURICO-PC running 64-bit major release  (build 9200)
| Command      : upgrade_ip
| Device       : xc7a100tcsg324-1
------------------------------------------------------------------------------------

Upgrade Log for IP 'mb_design_AESEncrypter128Cop_0_0'

1. Summary
----------

SUCCESS in the upgrade of mb_design_AESEncrypter128Cop_0_0 (xilinx.com:user:AESEncrypter128Cop:1.0) from (Rev. 69) to (Rev. 70)






Copyright 1986-2020 Xilinx, Inc. All Rights Reserved.
------------------------------------------------------------------------------------
| Tool Version : Vivado v.2020.2 (win64) Build 3064766 Wed Nov 18 09:12:45 MST 2020
| Date         : Sun Jun 20 06:17:41 2021
| Host         : EURICO-PC running 64-bit major release  (build 9200)
| Command      : upgrade_ip
| Device       : xc7a100tcsg324-1
------------------------------------------------------------------------------------

Upgrade Log for IP 'mb_design_AESEncrypter128Cop_0_0'

1. Summary
----------

SUCCESS in the upgrade of mb_design_AESEncrypter128Cop_0_0 (xilinx.com:user:AESEncrypter128Cop:1.0) from (Rev. 68) to (Rev. 69)






Copyright 1986-2020 Xilinx, Inc. All Rights Reserved.
------------------------------------------------------------------------------------
| Tool Version : Vivado v.2020.2 (win64) Build 3064766 Wed Nov 18 09:12:45 MST 2020
| Date         : Sun Jun 20 06:08:20 2021
| Host         : EURICO-PC running 64-bit major release  (build 9200)
| Command      : upgrade_ip
| Device       : xc7a100tcsg324-1
------------------------------------------------------------------------------------

Upgrade Log for IP 'mb_design_AESEncrypter128Cop_0_0'

1. Summary
----------

SUCCESS in the upgrade of mb_design_AESEncrypter128Cop_0_0 (xilinx.com:user:AESEncrypter128Cop:1.0) from (Rev. 67) to (Rev. 68)






Copyright 1986-2020 Xilinx, Inc. All Rights Reserved.
------------------------------------------------------------------------------------
| Tool Version : Vivado v.2020.2 (win64) Build 3064766 Wed Nov 18 09:12:45 MST 2020
| Date         : Sun Jun 20 06:02:02 2021
| Host         : EURICO-PC running 64-bit major release  (build 9200)
| Command      : upgrade_ip
| Device       : xc7a100tcsg324-1
------------------------------------------------------------------------------------

Upgrade Log for IP 'mb_design_AESEncrypter128Cop_0_0'

1. Summary
----------

SUCCESS in the upgrade of mb_design_AESEncrypter128Cop_0_0 (xilinx.com:user:AESEncrypter128Cop:1.0) from (Rev. 66) to (Rev. 67)






Copyright 1986-2020 Xilinx, Inc. All Rights Reserved.
------------------------------------------------------------------------------------
| Tool Version : Vivado v.2020.2 (win64) Build 3064766 Wed Nov 18 09:12:45 MST 2020
| Date         : Sun Jun 20 05:52:44 2021
| Host         : EURICO-PC running 64-bit major release  (build 9200)
| Command      : upgrade_ip
| Device       : xc7a100tcsg324-1
------------------------------------------------------------------------------------

Upgrade Log for IP 'mb_design_AESEncrypter128Cop_0_0'

1. Summary
----------

SUCCESS in the upgrade of mb_design_AESEncrypter128Cop_0_0 (xilinx.com:user:AESEncrypter128Cop:1.0) from (Rev. 65) to (Rev. 66)






Copyright 1986-2020 Xilinx, Inc. All Rights Reserved.
------------------------------------------------------------------------------------
| Tool Version : Vivado v.2020.2 (win64) Build 3064766 Wed Nov 18 09:12:45 MST 2020
| Date         : Sun Jun 20 05:45:00 2021
| Host         : EURICO-PC running 64-bit major release  (build 9200)
| Command      : upgrade_ip
| Device       : xc7a100tcsg324-1
------------------------------------------------------------------------------------

Upgrade Log for IP 'mb_design_AESEncrypter128Cop_0_0'

1. Summary
----------

SUCCESS in the upgrade of mb_design_AESEncrypter128Cop_0_0 (xilinx.com:user:AESEncrypter128Cop:1.0) from (Rev. 64) to (Rev. 65)






Copyright 1986-2020 Xilinx, Inc. All Rights Reserved.
------------------------------------------------------------------------------------
| Tool Version : Vivado v.2020.2 (win64) Build 3064766 Wed Nov 18 09:12:45 MST 2020
| Date         : Sun Jun 20 05:36:41 2021
| Host         : EURICO-PC running 64-bit major release  (build 9200)
| Command      : upgrade_ip
| Device       : xc7a100tcsg324-1
------------------------------------------------------------------------------------

Upgrade Log for IP 'mb_design_AESEncrypter128Cop_0_0'

1. Summary
----------

SUCCESS in the upgrade of mb_design_AESEncrypter128Cop_0_0 (xilinx.com:user:AESEncrypter128Cop:1.0) from (Rev. 63) to (Rev. 64)






Copyright 1986-2020 Xilinx, Inc. All Rights Reserved.
------------------------------------------------------------------------------------
| Tool Version : Vivado v.2020.2 (win64) Build 3064766 Wed Nov 18 09:12:45 MST 2020
| Date         : Sun Jun 20 05:28:40 2021
| Host         : EURICO-PC running 64-bit major release  (build 9200)
| Command      : upgrade_ip
| Device       : xc7a100tcsg324-1
------------------------------------------------------------------------------------

Upgrade Log for IP 'mb_design_AESEncrypter128Cop_0_0'

1. Summary
----------

SUCCESS in the upgrade of mb_design_AESEncrypter128Cop_0_0 (xilinx.com:user:AESEncrypter128Cop:1.0) from (Rev. 62) to (Rev. 63)






Copyright 1986-2020 Xilinx, Inc. All Rights Reserved.
------------------------------------------------------------------------------------
| Tool Version : Vivado v.2020.2 (win64) Build 3064766 Wed Nov 18 09:12:45 MST 2020
| Date         : Sun Jun 20 05:22:12 2021
| Host         : EURICO-PC running 64-bit major release  (build 9200)
| Command      : upgrade_ip
| Device       : xc7a100tcsg324-1
------------------------------------------------------------------------------------

Upgrade Log for IP 'mb_design_AESEncrypter128Cop_0_0'

1. Summary
----------

SUCCESS in the upgrade of mb_design_AESEncrypter128Cop_0_0 (xilinx.com:user:AESEncrypter128Cop:1.0) from (Rev. 61) to (Rev. 62)






Copyright 1986-2020 Xilinx, Inc. All Rights Reserved.
------------------------------------------------------------------------------------
| Tool Version : Vivado v.2020.2 (win64) Build 3064766 Wed Nov 18 09:12:45 MST 2020
| Date         : Sun Jun 20 05:10:33 2021
| Host         : EURICO-PC running 64-bit major release  (build 9200)
| Command      : upgrade_ip
| Device       : xc7a100tcsg324-1
------------------------------------------------------------------------------------

Upgrade Log for IP 'mb_design_AESEncrypter128Cop_0_0'

1. Summary
----------

SUCCESS in the upgrade of mb_design_AESEncrypter128Cop_0_0 (xilinx.com:user:AESEncrypter128Cop:1.0) from (Rev. 60) to (Rev. 61)






Copyright 1986-2020 Xilinx, Inc. All Rights Reserved.
------------------------------------------------------------------------------------
| Tool Version : Vivado v.2020.2 (win64) Build 3064766 Wed Nov 18 09:12:45 MST 2020
| Date         : Sun Jun 20 05:00:52 2021
| Host         : EURICO-PC running 64-bit major release  (build 9200)
| Command      : upgrade_ip
| Device       : xc7a100tcsg324-1
------------------------------------------------------------------------------------

Upgrade Log for IP 'mb_design_AESEncrypter128Cop_0_0'

1. Summary
----------

SUCCESS in the upgrade of mb_design_AESEncrypter128Cop_0_0 (xilinx.com:user:AESEncrypter128Cop:1.0) from (Rev. 59) to (Rev. 60)






Copyright 1986-2020 Xilinx, Inc. All Rights Reserved.
------------------------------------------------------------------------------------
| Tool Version : Vivado v.2020.2 (win64) Build 3064766 Wed Nov 18 09:12:45 MST 2020
| Date         : Sun Jun 20 04:51:26 2021
| Host         : EURICO-PC running 64-bit major release  (build 9200)
| Command      : upgrade_ip
| Device       : xc7a100tcsg324-1
------------------------------------------------------------------------------------

Upgrade Log for IP 'mb_design_AESEncrypter128Cop_0_0'

1. Summary
----------

SUCCESS in the upgrade of mb_design_AESEncrypter128Cop_0_0 (xilinx.com:user:AESEncrypter128Cop:1.0) from (Rev. 58) to (Rev. 59)






Copyright 1986-2020 Xilinx, Inc. All Rights Reserved.
------------------------------------------------------------------------------------
| Tool Version : Vivado v.2020.2 (win64) Build 3064766 Wed Nov 18 09:12:45 MST 2020
| Date         : Sun Jun 20 04:44:01 2021
| Host         : EURICO-PC running 64-bit major release  (build 9200)
| Command      : upgrade_ip
| Device       : xc7a100tcsg324-1
------------------------------------------------------------------------------------

Upgrade Log for IP 'mb_design_AESEncrypter128Cop_0_0'

1. Summary
----------

SUCCESS in the upgrade of mb_design_AESEncrypter128Cop_0_0 (xilinx.com:user:AESEncrypter128Cop:1.0) from (Rev. 57) to (Rev. 58)






Copyright 1986-2020 Xilinx, Inc. All Rights Reserved.
------------------------------------------------------------------------------------
| Tool Version : Vivado v.2020.2 (win64) Build 3064766 Wed Nov 18 09:12:45 MST 2020
| Date         : Sun Jun 20 04:35:54 2021
| Host         : EURICO-PC running 64-bit major release  (build 9200)
| Command      : upgrade_ip
| Device       : xc7a100tcsg324-1
------------------------------------------------------------------------------------

Upgrade Log for IP 'mb_design_AESEncrypter128Cop_0_0'

1. Summary
----------

SUCCESS in the upgrade of mb_design_AESEncrypter128Cop_0_0 (xilinx.com:user:AESEncrypter128Cop:1.0) from (Rev. 56) to (Rev. 57)






Copyright 1986-2020 Xilinx, Inc. All Rights Reserved.
------------------------------------------------------------------------------------
| Tool Version : Vivado v.2020.2 (win64) Build 3064766 Wed Nov 18 09:12:45 MST 2020
| Date         : Sun Jun 20 04:28:48 2021
| Host         : EURICO-PC running 64-bit major release  (build 9200)
| Command      : upgrade_ip
| Device       : xc7a100tcsg324-1
------------------------------------------------------------------------------------

Upgrade Log for IP 'mb_design_AESEncrypter128Cop_0_0'

1. Summary
----------

SUCCESS in the upgrade of mb_design_AESEncrypter128Cop_0_0 (xilinx.com:user:AESEncrypter128Cop:1.0) from (Rev. 55) to (Rev. 56)






Copyright 1986-2020 Xilinx, Inc. All Rights Reserved.
------------------------------------------------------------------------------------
| Tool Version : Vivado v.2020.2 (win64) Build 3064766 Wed Nov 18 09:12:45 MST 2020
| Date         : Sun Jun 20 04:20:43 2021
| Host         : EURICO-PC running 64-bit major release  (build 9200)
| Command      : upgrade_ip
| Device       : xc7a100tcsg324-1
------------------------------------------------------------------------------------

Upgrade Log for IP 'mb_design_AESEncrypter128Cop_0_0'

1. Summary
----------

SUCCESS in the upgrade of mb_design_AESEncrypter128Cop_0_0 (xilinx.com:user:AESEncrypter128Cop:1.0) from (Rev. 54) to (Rev. 55)






Copyright 1986-2020 Xilinx, Inc. All Rights Reserved.
------------------------------------------------------------------------------------
| Tool Version : Vivado v.2020.2 (win64) Build 3064766 Wed Nov 18 09:12:45 MST 2020
| Date         : Sun Jun 20 04:14:47 2021
| Host         : EURICO-PC running 64-bit major release  (build 9200)
| Command      : upgrade_ip
| Device       : xc7a100tcsg324-1
------------------------------------------------------------------------------------

Upgrade Log for IP 'mb_design_AESEncrypter128Cop_0_0'

1. Summary
----------

SUCCESS in the upgrade of mb_design_AESEncrypter128Cop_0_0 (xilinx.com:user:AESEncrypter128Cop:1.0) from (Rev. 53) to (Rev. 54)






Copyright 1986-2020 Xilinx, Inc. All Rights Reserved.
------------------------------------------------------------------------------------
| Tool Version : Vivado v.2020.2 (win64) Build 3064766 Wed Nov 18 09:12:45 MST 2020
| Date         : Sun Jun 20 04:01:48 2021
| Host         : EURICO-PC running 64-bit major release  (build 9200)
| Command      : upgrade_ip
| Device       : xc7a100tcsg324-1
------------------------------------------------------------------------------------

Upgrade Log for IP 'mb_design_AESEncrypter128Cop_0_0'

1. Summary
----------

SUCCESS in the upgrade of mb_design_AESEncrypter128Cop_0_0 (xilinx.com:user:AESEncrypter128Cop:1.0) from (Rev. 52) to (Rev. 53)






Copyright 1986-2020 Xilinx, Inc. All Rights Reserved.
------------------------------------------------------------------------------------
| Tool Version : Vivado v.2020.2 (win64) Build 3064766 Wed Nov 18 09:12:45 MST 2020
| Date         : Sun Jun 20 03:58:50 2021
| Host         : EURICO-PC running 64-bit major release  (build 9200)
| Command      : upgrade_ip
| Device       : xc7a100tcsg324-1
------------------------------------------------------------------------------------

Upgrade Log for IP 'mb_design_AESEncrypter128Cop_0_0'

1. Summary
----------

SUCCESS in the upgrade of mb_design_AESEncrypter128Cop_0_0 (xilinx.com:user:AESEncrypter128Cop:1.0) from (Rev. 51) to (Rev. 52)






Copyright 1986-2020 Xilinx, Inc. All Rights Reserved.
------------------------------------------------------------------------------------
| Tool Version : Vivado v.2020.2 (win64) Build 3064766 Wed Nov 18 09:12:45 MST 2020
| Date         : Sun Jun 20 03:49:53 2021
| Host         : EURICO-PC running 64-bit major release  (build 9200)
| Command      : upgrade_ip
| Device       : xc7a100tcsg324-1
------------------------------------------------------------------------------------

Upgrade Log for IP 'mb_design_AESEncrypter128Cop_0_0'

1. Summary
----------

SUCCESS in the upgrade of mb_design_AESEncrypter128Cop_0_0 (xilinx.com:user:AESEncrypter128Cop:1.0) from (Rev. 50) to (Rev. 51)






Copyright 1986-2020 Xilinx, Inc. All Rights Reserved.
------------------------------------------------------------------------------------
| Tool Version : Vivado v.2020.2 (win64) Build 3064766 Wed Nov 18 09:12:45 MST 2020
| Date         : Sun Jun 20 03:39:24 2021
| Host         : EURICO-PC running 64-bit major release  (build 9200)
| Command      : upgrade_ip
| Device       : xc7a100tcsg324-1
------------------------------------------------------------------------------------

Upgrade Log for IP 'mb_design_AESEncrypter128Cop_0_0'

1. Summary
----------

SUCCESS in the upgrade of mb_design_AESEncrypter128Cop_0_0 (xilinx.com:user:AESEncrypter128Cop:1.0) from (Rev. 49) to (Rev. 50)






Copyright 1986-2020 Xilinx, Inc. All Rights Reserved.
------------------------------------------------------------------------------------
| Tool Version : Vivado v.2020.2 (win64) Build 3064766 Wed Nov 18 09:12:45 MST 2020
| Date         : Sun Jun 20 03:32:13 2021
| Host         : EURICO-PC running 64-bit major release  (build 9200)
| Command      : upgrade_ip
| Device       : xc7a100tcsg324-1
------------------------------------------------------------------------------------

Upgrade Log for IP 'mb_design_AESEncrypter128Cop_0_0'

1. Summary
----------

SUCCESS in the upgrade of mb_design_AESEncrypter128Cop_0_0 (xilinx.com:user:AESEncrypter128Cop:1.0) from (Rev. 48) to (Rev. 49)






Copyright 1986-2020 Xilinx, Inc. All Rights Reserved.
------------------------------------------------------------------------------------
| Tool Version : Vivado v.2020.2 (win64) Build 3064766 Wed Nov 18 09:12:45 MST 2020
| Date         : Sun Jun 20 02:27:42 2021
| Host         : EURICO-PC running 64-bit major release  (build 9200)
| Command      : upgrade_ip
| Device       : xc7a100tcsg324-1
------------------------------------------------------------------------------------

Upgrade Log for IP 'mb_design_AESEncrypter128Cop_0_0'

1. Summary
----------

SUCCESS in the upgrade of mb_design_AESEncrypter128Cop_0_0 (xilinx.com:user:AESEncrypter128Cop:1.0) from (Rev. 47) to (Rev. 48)






Copyright 1986-2020 Xilinx, Inc. All Rights Reserved.
------------------------------------------------------------------------------------
| Tool Version : Vivado v.2020.2 (win64) Build 3064766 Wed Nov 18 09:12:45 MST 2020
| Date         : Sun Jun 20 02:19:45 2021
| Host         : EURICO-PC running 64-bit major release  (build 9200)
| Command      : upgrade_ip
| Device       : xc7a100tcsg324-1
------------------------------------------------------------------------------------

Upgrade Log for IP 'mb_design_AESEncrypter128Cop_0_0'

1. Summary
----------

SUCCESS in the upgrade of mb_design_AESEncrypter128Cop_0_0 (xilinx.com:user:AESEncrypter128Cop:1.0) from (Rev. 46) to (Rev. 47)






Copyright 1986-2020 Xilinx, Inc. All Rights Reserved.
------------------------------------------------------------------------------------
| Tool Version : Vivado v.2020.2 (win64) Build 3064766 Wed Nov 18 09:12:45 MST 2020
| Date         : Sun Jun 20 02:12:29 2021
| Host         : EURICO-PC running 64-bit major release  (build 9200)
| Command      : upgrade_ip
| Device       : xc7a100tcsg324-1
------------------------------------------------------------------------------------

Upgrade Log for IP 'mb_design_AESEncrypter128Cop_0_0'

1. Summary
----------

SUCCESS in the upgrade of mb_design_AESEncrypter128Cop_0_0 (xilinx.com:user:AESEncrypter128Cop:1.0) from (Rev. 45) to (Rev. 46)






Copyright 1986-2020 Xilinx, Inc. All Rights Reserved.
------------------------------------------------------------------------------------
| Tool Version : Vivado v.2020.2 (win64) Build 3064766 Wed Nov 18 09:12:45 MST 2020
| Date         : Sun Jun 20 02:00:12 2021
| Host         : EURICO-PC running 64-bit major release  (build 9200)
| Command      : upgrade_ip
| Device       : xc7a100tcsg324-1
------------------------------------------------------------------------------------

Upgrade Log for IP 'mb_design_AESEncrypter128Cop_0_0'

1. Summary
----------

SUCCESS in the upgrade of mb_design_AESEncrypter128Cop_0_0 (xilinx.com:user:AESEncrypter128Cop:1.0) from (Rev. 44) to (Rev. 45)






Copyright 1986-2020 Xilinx, Inc. All Rights Reserved.
------------------------------------------------------------------------------------
| Tool Version : Vivado v.2020.2 (win64) Build 3064766 Wed Nov 18 09:12:45 MST 2020
| Date         : Sun Jun 20 01:53:52 2021
| Host         : EURICO-PC running 64-bit major release  (build 9200)
| Command      : upgrade_ip
| Device       : xc7a100tcsg324-1
------------------------------------------------------------------------------------

Upgrade Log for IP 'mb_design_AESEncrypter128Cop_0_0'

1. Summary
----------

SUCCESS in the upgrade of mb_design_AESEncrypter128Cop_0_0 (xilinx.com:user:AESEncrypter128Cop:1.0) from (Rev. 43) to (Rev. 44)






Copyright 1986-2020 Xilinx, Inc. All Rights Reserved.
------------------------------------------------------------------------------------
| Tool Version : Vivado v.2020.2 (win64) Build 3064766 Wed Nov 18 09:12:45 MST 2020
| Date         : Sun Jun 20 01:45:04 2021
| Host         : EURICO-PC running 64-bit major release  (build 9200)
| Command      : upgrade_ip
| Device       : xc7a100tcsg324-1
------------------------------------------------------------------------------------

Upgrade Log for IP 'mb_design_AESEncrypter128Cop_0_0'

1. Summary
----------

SUCCESS in the upgrade of mb_design_AESEncrypter128Cop_0_0 (xilinx.com:user:AESEncrypter128Cop:1.0) from (Rev. 42) to (Rev. 43)






Copyright 1986-2020 Xilinx, Inc. All Rights Reserved.
------------------------------------------------------------------------------------
| Tool Version : Vivado v.2020.2 (win64) Build 3064766 Wed Nov 18 09:12:45 MST 2020
| Date         : Sun Jun 20 01:30:41 2021
| Host         : EURICO-PC running 64-bit major release  (build 9200)
| Command      : upgrade_ip
| Device       : xc7a100tcsg324-1
------------------------------------------------------------------------------------

Upgrade Log for IP 'mb_design_AESEncrypter128Cop_0_0'

1. Summary
----------

SUCCESS in the upgrade of mb_design_AESEncrypter128Cop_0_0 (xilinx.com:user:AESEncrypter128Cop:1.0) from (Rev. 40) to (Rev. 42)






Copyright 1986-2020 Xilinx, Inc. All Rights Reserved.
------------------------------------------------------------------------------------
| Tool Version : Vivado v.2020.2 (win64) Build 3064766 Wed Nov 18 09:12:45 MST 2020
| Date         : Sun Jun 20 01:13:54 2021
| Host         : EURICO-PC running 64-bit major release  (build 9200)
| Command      : upgrade_ip
| Device       : xc7a100tcsg324-1
------------------------------------------------------------------------------------

Upgrade Log for IP 'mb_design_AESEncrypter128Cop_0_0'

1. Summary
----------

SUCCESS in the upgrade of mb_design_AESEncrypter128Cop_0_0 (xilinx.com:user:AESEncrypter128Cop:1.0) from (Rev. 39) to (Rev. 40)






Copyright 1986-2020 Xilinx, Inc. All Rights Reserved.
------------------------------------------------------------------------------------
| Tool Version : Vivado v.2020.2 (win64) Build 3064766 Wed Nov 18 09:12:45 MST 2020
| Date         : Sun Jun 20 00:48:08 2021
| Host         : EURICO-PC running 64-bit major release  (build 9200)
| Command      : upgrade_ip
| Device       : xc7a100tcsg324-1
------------------------------------------------------------------------------------

Upgrade Log for IP 'mb_design_AESEncrypter128Cop_0_0'

1. Summary
----------

SUCCESS in the upgrade of mb_design_AESEncrypter128Cop_0_0 (xilinx.com:user:AESEncrypter128Cop:1.0) from (Rev. 38) to (Rev. 39)






Copyright 1986-2020 Xilinx, Inc. All Rights Reserved.
------------------------------------------------------------------------------------
| Tool Version : Vivado v.2020.2 (win64) Build 3064766 Wed Nov 18 09:12:45 MST 2020
| Date         : Sun Jun 20 00:35:35 2021
| Host         : EURICO-PC running 64-bit major release  (build 9200)
| Command      : upgrade_ip
| Device       : xc7a100tcsg324-1
------------------------------------------------------------------------------------

Upgrade Log for IP 'mb_design_AESEncrypter128Cop_0_0'

1. Summary
----------

SUCCESS in the upgrade of mb_design_AESEncrypter128Cop_0_0 (xilinx.com:user:AESEncrypter128Cop:1.0) from (Rev. 37) to (Rev. 38)






Copyright 1986-2020 Xilinx, Inc. All Rights Reserved.
------------------------------------------------------------------------------------
| Tool Version : Vivado v.2020.2 (win64) Build 3064766 Wed Nov 18 09:12:45 MST 2020
| Date         : Sun Jun 20 00:22:41 2021
| Host         : EURICO-PC running 64-bit major release  (build 9200)
| Command      : upgrade_ip
| Device       : xc7a100tcsg324-1
------------------------------------------------------------------------------------

Upgrade Log for IP 'mb_design_AESEncrypter128Cop_0_0'

1. Summary
----------

SUCCESS in the upgrade of mb_design_AESEncrypter128Cop_0_0 (xilinx.com:user:AESEncrypter128Cop:1.0) from (Rev. 36) to (Rev. 37)






Copyright 1986-2020 Xilinx, Inc. All Rights Reserved.
------------------------------------------------------------------------------------
| Tool Version : Vivado v.2020.2 (win64) Build 3064766 Wed Nov 18 09:12:45 MST 2020
| Date         : Sun Jun 20 00:15:19 2021
| Host         : EURICO-PC running 64-bit major release  (build 9200)
| Command      : upgrade_ip
| Device       : xc7a100tcsg324-1
------------------------------------------------------------------------------------

Upgrade Log for IP 'mb_design_AESEncrypter128Cop_0_0'

1. Summary
----------

SUCCESS in the upgrade of mb_design_AESEncrypter128Cop_0_0 (xilinx.com:user:AESEncrypter128Cop:1.0) from (Rev. 35) to (Rev. 36)






Copyright 1986-2020 Xilinx, Inc. All Rights Reserved.
------------------------------------------------------------------------------------
| Tool Version : Vivado v.2020.2 (win64) Build 3064766 Wed Nov 18 09:12:45 MST 2020
| Date         : Sun Jun 20 00:09:15 2021
| Host         : EURICO-PC running 64-bit major release  (build 9200)
| Command      : upgrade_ip
| Device       : xc7a100tcsg324-1
------------------------------------------------------------------------------------

Upgrade Log for IP 'mb_design_AESEncrypter128Cop_0_0'

1. Summary
----------

SUCCESS in the upgrade of mb_design_AESEncrypter128Cop_0_0 (xilinx.com:user:AESEncrypter128Cop:1.0) from (Rev. 34) to (Rev. 35)






Copyright 1986-2020 Xilinx, Inc. All Rights Reserved.
------------------------------------------------------------------------------------
| Tool Version : Vivado v.2020.2 (win64) Build 3064766 Wed Nov 18 09:12:45 MST 2020
| Date         : Sat Jun 19 23:57:53 2021
| Host         : EURICO-PC running 64-bit major release  (build 9200)
| Command      : upgrade_ip
| Device       : xc7a100tcsg324-1
------------------------------------------------------------------------------------

Upgrade Log for IP 'mb_design_AESEncrypter128Cop_0_0'

1. Summary
----------

SUCCESS in the upgrade of mb_design_AESEncrypter128Cop_0_0 (xilinx.com:user:AESEncrypter128Cop:1.0) from (Rev. 33) to (Rev. 34)






Copyright 1986-2020 Xilinx, Inc. All Rights Reserved.
------------------------------------------------------------------------------------
| Tool Version : Vivado v.2020.2 (win64) Build 3064766 Wed Nov 18 09:12:45 MST 2020
| Date         : Sat Jun 19 23:43:06 2021
| Host         : EURICO-PC running 64-bit major release  (build 9200)
| Command      : upgrade_ip
| Device       : xc7a100tcsg324-1
------------------------------------------------------------------------------------

Upgrade Log for IP 'mb_design_AESEncrypter128Cop_0_0'

1. Summary
----------

SUCCESS in the upgrade of mb_design_AESEncrypter128Cop_0_0 (xilinx.com:user:AESEncrypter128Cop:1.0) from (Rev. 32) to (Rev. 33)






Copyright 1986-2020 Xilinx, Inc. All Rights Reserved.
------------------------------------------------------------------------------------
| Tool Version : Vivado v.2020.2 (win64) Build 3064766 Wed Nov 18 09:12:45 MST 2020
| Date         : Sat Jun 19 23:36:34 2021
| Host         : EURICO-PC running 64-bit major release  (build 9200)
| Command      : upgrade_ip
| Device       : xc7a100tcsg324-1
------------------------------------------------------------------------------------

Upgrade Log for IP 'mb_design_AESEncrypter128Cop_0_0'

1. Summary
----------

SUCCESS in the upgrade of mb_design_AESEncrypter128Cop_0_0 (xilinx.com:user:AESEncrypter128Cop:1.0) from (Rev. 31) to (Rev. 32)






Copyright 1986-2020 Xilinx, Inc. All Rights Reserved.
------------------------------------------------------------------------------------
| Tool Version : Vivado v.2020.2 (win64) Build 3064766 Wed Nov 18 09:12:45 MST 2020
| Date         : Sat Jun 19 23:27:05 2021
| Host         : EURICO-PC running 64-bit major release  (build 9200)
| Command      : upgrade_ip
| Device       : xc7a100tcsg324-1
------------------------------------------------------------------------------------

Upgrade Log for IP 'mb_design_AESEncrypter128Cop_0_0'

1. Summary
----------

SUCCESS in the upgrade of mb_design_AESEncrypter128Cop_0_0 (xilinx.com:user:AESEncrypter128Cop:1.0) from (Rev. 30) to (Rev. 31)






Copyright 1986-2020 Xilinx, Inc. All Rights Reserved.
------------------------------------------------------------------------------------
| Tool Version : Vivado v.2020.2 (win64) Build 3064766 Wed Nov 18 09:12:45 MST 2020
| Date         : Sat Jun 19 23:20:12 2021
| Host         : EURICO-PC running 64-bit major release  (build 9200)
| Command      : upgrade_ip
| Device       : xc7a100tcsg324-1
------------------------------------------------------------------------------------

Upgrade Log for IP 'mb_design_AESEncrypter128Cop_0_0'

1. Summary
----------

SUCCESS in the upgrade of mb_design_AESEncrypter128Cop_0_0 (xilinx.com:user:AESEncrypter128Cop:1.0) from (Rev. 29) to (Rev. 30)






Copyright 1986-2020 Xilinx, Inc. All Rights Reserved.
------------------------------------------------------------------------------------
| Tool Version : Vivado v.2020.2 (win64) Build 3064766 Wed Nov 18 09:12:45 MST 2020
| Date         : Sat Jun 19 23:08:01 2021
| Host         : EURICO-PC running 64-bit major release  (build 9200)
| Command      : upgrade_ip
| Device       : xc7a100tcsg324-1
------------------------------------------------------------------------------------

Upgrade Log for IP 'mb_design_AESEncrypter128Cop_0_0'

1. Summary
----------

SUCCESS in the upgrade of mb_design_AESEncrypter128Cop_0_0 (xilinx.com:user:AESEncrypter128Cop:1.0) from (Rev. 36) to (Rev. 29)






Copyright 1986-2020 Xilinx, Inc. All Rights Reserved.
------------------------------------------------------------------------------------
| Tool Version : Vivado v.2020.2 (win64) Build 3064766 Wed Nov 18 09:12:45 MST 2020
| Date         : Sat Jun 19 22:55:34 2021
| Host         : EURICO-PC running 64-bit major release  (build 9200)
| Command      : upgrade_ip
| Device       : xc7a100tcsg324-1
------------------------------------------------------------------------------------

Upgrade Log for IP 'mb_design_AESEncrypter128Cop_0_0'

1. Summary
----------

SUCCESS in the upgrade of mb_design_AESEncrypter128Cop_0_0 (xilinx.com:user:AESEncrypter128Cop:1.0) from (Rev. 35) to (Rev. 36)






Copyright 1986-2020 Xilinx, Inc. All Rights Reserved.
------------------------------------------------------------------------------------
| Tool Version : Vivado v.2020.2 (win64) Build 3064766 Wed Nov 18 09:12:45 MST 2020
| Date         : Sat Jun 19 22:46:48 2021
| Host         : EURICO-PC running 64-bit major release  (build 9200)
| Command      : upgrade_ip
| Device       : xc7a100tcsg324-1
------------------------------------------------------------------------------------

Upgrade Log for IP 'mb_design_AESEncrypter128Cop_0_0'

1. Summary
----------

CAUTION (success, with warnings) in the upgrade of mb_design_AESEncrypter128Cop_0_0 (xilinx.com:user:AESEncrypter128Cop:1.0) from (Rev. 34) to (Rev. 35)

After upgrade, an IP may have parameter and port differences compared to the original customization. Please review the parameters within the IP customization GUI to ensure proper functionality. Also, please review the updated IP instantiation template to ensure proper connectivity, and update your design if required.

2. Connection Warnings
----------------------

Detected external port differences while upgrading 'mb_design_AESEncrypter128Cop_0_0'. These changes may impact your design.


-Upgraded port 'm00_axis_tdata' width 32 differs from original width 128

-Upgraded port 'm00_axis_tstrb' width 4 differs from original width 16

-Upgraded port 's00_axis_tdata' width 32 differs from original width 128

-Upgraded port 's00_axis_tstrb' width 4 differs from original width 16


3. Customization warnings
-------------------------

An attempt to modify the value of disabled parameter 'C_S00_AXIS_TDATA_WIDTH' from '32' to '128' has been ignored for IP 'mb_design_AESEncrypter128Cop_0_0'

An attempt to modify the value of disabled parameter 'C_M00_AXIS_TDATA_WIDTH' from '32' to '128' has been ignored for IP 'mb_design_AESEncrypter128Cop_0_0'


4. Debug Commands
-----------------

  The following debug information can be passed to Vivado as Tcl commands,
in order to validate or debug the output of the upgrade flow.
  You may consult any warnings from within this upgrade, and alter or remove
the configuration parameter(s) which caused the warning; then execute the Tcl
commands, and use the IP Customization GUI to verify the IP configuration.

create_ip -vlnv xilinx.com:user:AESEncrypter128Cop:1.0 -user_name mb_design_AESEncrypter128Cop_0_0
set_property -dict "\
  CONFIG.C_M00_AXIS_TDATA_WIDTH {128} \
  CONFIG.C_S00_AXIS_TDATA_WIDTH {128} \
  CONFIG.Component_Name {mb_design_AESEncrypter128Cop_0_0} \
  CONFIG.M00_AXIS.CLK_DOMAIN {} \
  CONFIG.M00_AXIS.FREQ_HZ {100000000} \
  CONFIG.M00_AXIS.HAS_TKEEP {0} \
  CONFIG.M00_AXIS.HAS_TLAST {1} \
  CONFIG.M00_AXIS.HAS_TREADY {1} \
  CONFIG.M00_AXIS.HAS_TSTRB {1} \
  CONFIG.M00_AXIS.INSERT_VIP {0} \
  CONFIG.M00_AXIS.LAYERED_METADATA {undef} \
  CONFIG.M00_AXIS.PHASE {0.000} \
  CONFIG.M00_AXIS.TDATA_NUM_BYTES {16} \
  CONFIG.M00_AXIS.TDEST_WIDTH {0} \
  CONFIG.M00_AXIS.TID_WIDTH {0} \
  CONFIG.M00_AXIS.TUSER_WIDTH {0} \
  CONFIG.M00_AXIS.WIZ_DATA_WIDTH {32} \
  CONFIG.M00_AXIS_CLK.ASSOCIATED_BUSIF {M00_AXIS} \
  CONFIG.M00_AXIS_CLK.ASSOCIATED_RESET {m00_axis_aresetn} \
  CONFIG.M00_AXIS_CLK.CLK_DOMAIN {} \
  CONFIG.M00_AXIS_CLK.FREQ_HZ {100000000} \
  CONFIG.M00_AXIS_CLK.FREQ_TOLERANCE_HZ {0} \
  CONFIG.M00_AXIS_CLK.INSERT_VIP {0} \
  CONFIG.M00_AXIS_CLK.PHASE {0.000} \
  CONFIG.M00_AXIS_RST.INSERT_VIP {0} \
  CONFIG.M00_AXIS_RST.POLARITY {ACTIVE_LOW} \
  CONFIG.S00_AXIS.CLK_DOMAIN {} \
  CONFIG.S00_AXIS.FREQ_HZ {100000000} \
  CONFIG.S00_AXIS.HAS_TKEEP {0} \
  CONFIG.S00_AXIS.HAS_TLAST {1} \
  CONFIG.S00_AXIS.HAS_TREADY {1} \
  CONFIG.S00_AXIS.HAS_TSTRB {1} \
  CONFIG.S00_AXIS.INSERT_VIP {0} \
  CONFIG.S00_AXIS.LAYERED_METADATA {undef} \
  CONFIG.S00_AXIS.PHASE {0.000} \
  CONFIG.S00_AXIS.TDATA_NUM_BYTES {16} \
  CONFIG.S00_AXIS.TDEST_WIDTH {0} \
  CONFIG.S00_AXIS.TID_WIDTH {0} \
  CONFIG.S00_AXIS.TUSER_WIDTH {0} \
  CONFIG.S00_AXIS.WIZ_DATA_WIDTH {32} \
  CONFIG.S00_AXIS_CLK.ASSOCIATED_BUSIF {S00_AXIS} \
  CONFIG.S00_AXIS_CLK.ASSOCIATED_RESET {s00_axis_aresetn} \
  CONFIG.S00_AXIS_CLK.CLK_DOMAIN {} \
  CONFIG.S00_AXIS_CLK.FREQ_HZ {100000000} \
  CONFIG.S00_AXIS_CLK.FREQ_TOLERANCE_HZ {0} \
  CONFIG.S00_AXIS_CLK.INSERT_VIP {0} \
  CONFIG.S00_AXIS_CLK.PHASE {0.000} \
  CONFIG.S00_AXIS_RST.INSERT_VIP {0} \
  CONFIG.S00_AXIS_RST.POLARITY {ACTIVE_LOW} " [get_ips mb_design_AESEncrypter128Cop_0_0]


